#
# There is insufficient memory for the Java Runtime Environment to continue.
# Native memory allocation (malloc) failed to allocate 1571856 bytes for Chunk::new
# Possible reasons:
#   The system is out of physical RAM or swap space
#   The process is running with CompressedOops enabled, and the Java Heap may be blocking the growth of the native heap
# Possible solutions:
#   Reduce memory load on the system
#   Increase physical memory or swap space
#   Check if swap backing store is full
#   Decrease Java heap size (-Xmx/-Xms)
#   Decrease number of Java threads
#   Decrease Java thread stack sizes (-Xss)
#   Set larger code cache with -XX:ReservedCodeCacheSize=
#   JVM is running with Unscaled Compressed Oops mode in which the Java heap is
#     placed in the first 4GB address space. The Java Heap base address is the
#     maximum limit for the native heap growth. Please use -XX:HeapBaseMinAddress
#     to set the Java Heap base and to place the Java Heap above 4GB virtual address.
# This output file may be truncated or incomplete.
#
#  Out of Memory Error (./src/hotspot/share/memory/arena.cpp:197), pid=8160, tid=9356
#
# JRE version: OpenJDK Runtime Environment (11.0.10) (build 11.0.10+0-b96-7249189)
# Java VM: OpenJDK 64-Bit Server VM (11.0.10+0-b96-7249189, mixed mode, tiered, compressed oops, g1 gc, windows-amd64)
# No core dump will be written. Minidumps are not enabled by default on client versions of Windows
#

---------------  S U M M A R Y ------------

Command Line: --add-opens=java.base/java.util=ALL-UNNAMED --add-opens=java.base/java.lang=ALL-UNNAMED --add-opens=java.base/java.lang.invoke=ALL-UNNAMED --add-opens=java.base/java.util=ALL-UNNAMED --add-opens=java.prefs/java.util.prefs=ALL-UNNAMED --add-opens=java.prefs/java.util.prefs=ALL-UNNAMED --add-opens=java.base/java.nio.charset=ALL-UNNAMED --add-opens=java.base/java.net=ALL-UNNAMED --add-opens=java.base/java.util.concurrent.atomic=ALL-UNNAMED -Xmx2048m -Dfile.encoding=UTF-8 -Duser.country=IL -Duser.language=iw -Duser.variant org.gradle.launcher.daemon.bootstrap.GradleDaemon 7.0.2

Host: Intel(R) Core(TM) i7-8565U CPU @ 1.80GHz, 8 cores, 7G,  Windows 10 , 64 bit Build 22000 (10.0.22000.318)
Time: Fri Jan  7 16:14:14 2022 שעון רגיל ירושלים elapsed time: 18.601192 seconds (0d 0h 0m 18s)

---------------  T H R E A D  ---------------

Current thread (0x00000152895be000):  JavaThread "C2 CompilerThread2" daemon [_thread_in_native, id=9356, stack(0x0000005223d00000,0x0000005223e00000)]


Current CompileTask:
C2:  18601 9627       4       org.gradle.internal.fingerprint.classpath.impl.ClasspathFingerprintingStrategy$ClasspathFingerprintingVisitor::visitEntry (20 bytes)

Stack: [0x0000005223d00000,0x0000005223e00000]
Native frames: (J=compiled Java code, j=interpreted, Vv=VM code, C=native code)
V  [jvm.dll+0x5ecfaa]
V  [jvm.dll+0x722bd5]
V  [jvm.dll+0x72412d]
V  [jvm.dll+0x7247e3]
V  [jvm.dll+0x242928]
V  [jvm.dll+0xbc4fc]
V  [jvm.dll+0xbca0c]
V  [jvm.dll+0x352d3b]
V  [jvm.dll+0x320ad3]
V  [jvm.dll+0x31ffca]
V  [jvm.dll+0x1fb602]
V  [jvm.dll+0x1fa7f4]
V  [jvm.dll+0x18354c]
V  [jvm.dll+0x208ee7]
V  [jvm.dll+0x207731]
V  [jvm.dll+0x6eb1cf]
V  [jvm.dll+0x6e3d45]
V  [jvm.dll+0x5ebe96]
C  [ucrtbase.dll+0x26c0c]
C  [KERNEL32.DLL+0x154e0]
C  [ntdll.dll+0x485b]


---------------  P R O C E S S  ---------------

Threads class SMR info:
_java_thread_list=0x000001528f075e20, length=61, elements={
0x00000152e9511800, 0x00000152ff928800, 0x00000152ff92b800, 0x00000152ff943800,
0x00000152ff944800, 0x00000152ff945800, 0x00000152ff94a800, 0x00000152ff952000,
0x00000152ff95e000, 0x00000152ffc52000, 0x00000152ffc54800, 0x00000152ffc53000,
0x00000152ffc4f800, 0x00000152ffc53800, 0x00000152ffc55000, 0x00000152ffc56000,
0x00000152ffc50800, 0x00000152ffc51000, 0x00000152883f8000, 0x00000152883f6000,
0x00000152883f8800, 0x00000152883fa800, 0x00000152883fc000, 0x000001528884a000,
0x00000152883fd000, 0x00000152883f9800, 0x00000152883fb000, 0x00000152883f7000,
0x00000152883fd800, 0x00000152883ff000, 0x0000015288403800, 0x0000015288402800,
0x0000015288405000, 0x0000015288400000, 0x000001528b911800, 0x000001528b910000,
0x000001528b911000, 0x000001528b913800, 0x000001528b914000, 0x000001528b90e800,
0x000001528b915000, 0x000001528b90f800, 0x000001528b916000, 0x000001528b916800,
0x000001528b91c800, 0x000001528b91b800, 0x000001528b917800, 0x000001528b918800,
0x000001528b91a800, 0x000001528b919000, 0x000001528d660000, 0x00000152895be000,
0x000001528d65b000, 0x000001528d65f000, 0x000001528d660800, 0x000001528d65c000,
0x000001528d662800, 0x000001528d661800, 0x000001528d65c800, 0x000001528d663000,
0x000001528d65d800
}

Java Threads: ( => current thread )
  0x00000152e9511800 JavaThread "main" [_thread_blocked, id=14984, stack(0x000000521fb00000,0x000000521fc00000)]
  0x00000152ff928800 JavaThread "Reference Handler" daemon [_thread_blocked, id=8888, stack(0x0000005220200000,0x0000005220300000)]
  0x00000152ff92b800 JavaThread "Finalizer" daemon [_thread_blocked, id=19712, stack(0x0000005220300000,0x0000005220400000)]
  0x00000152ff943800 JavaThread "Signal Dispatcher" daemon [_thread_blocked, id=20736, stack(0x0000005220400000,0x0000005220500000)]
  0x00000152ff944800 JavaThread "Attach Listener" daemon [_thread_blocked, id=21908, stack(0x0000005220500000,0x0000005220600000)]
  0x00000152ff945800 JavaThread "Service Thread" daemon [_thread_blocked, id=20864, stack(0x0000005220600000,0x0000005220700000)]
  0x00000152ff94a800 JavaThread "C2 CompilerThread0" daemon [_thread_in_native, id=7604, stack(0x0000005220700000,0x0000005220800000)]
  0x00000152ff952000 JavaThread "C1 CompilerThread0" daemon [_thread_in_vm, id=21840, stack(0x0000005220800000,0x0000005220900000)]
  0x00000152ff95e000 JavaThread "Sweeper thread" daemon [_thread_blocked, id=23460, stack(0x0000005220900000,0x0000005220a00000)]
  0x00000152ffc52000 JavaThread "Common-Cleaner" daemon [_thread_blocked, id=18204, stack(0x0000005220a00000,0x0000005220b00000)]
  0x00000152ffc54800 JavaThread "Daemon health stats" [_thread_blocked, id=5060, stack(0x0000005221000000,0x0000005221100000)]
  0x00000152ffc53000 JavaThread "Incoming local TCP Connector on port 54787" [_thread_in_native, id=21604, stack(0x0000005220c00000,0x0000005220d00000)]
  0x00000152ffc4f800 JavaThread "Daemon periodic checks" [_thread_blocked, id=15452, stack(0x0000005220f00000,0x0000005221000000)]
  0x00000152ffc53800 JavaThread "Daemon" [_thread_blocked, id=2912, stack(0x0000005221100000,0x0000005221200000)]
  0x00000152ffc55000 JavaThread "Handler for socket connection from /127.0.0.1:54787 to /127.0.0.1:54788" [_thread_in_native, id=20756, stack(0x0000005221200000,0x0000005221300000)]
  0x00000152ffc56000 JavaThread "Cancel handler" [_thread_blocked, id=1528, stack(0x0000005221300000,0x0000005221400000)]
  0x00000152ffc50800 JavaThread "Daemon worker" [_thread_blocked, id=14804, stack(0x0000005221400000,0x0000005221500000)]
  0x00000152ffc51000 JavaThread "Asynchronous log dispatcher for DefaultDaemonConnection: socket connection from /127.0.0.1:54787 to /127.0.0.1:54788" [_thread_blocked, id=17204, stack(0x0000005221500000,0x0000005221600000)]
  0x00000152883f8000 JavaThread "Stdin handler" [_thread_blocked, id=10432, stack(0x0000005221600000,0x0000005221700000)]
  0x00000152883f6000 JavaThread "Daemon client event forwarder" [_thread_blocked, id=7748, stack(0x0000005221700000,0x0000005221800000)]
  0x00000152883f8800 JavaThread "Cache worker for file hash cache (C:\Users\hovav\.gradle\caches\7.0.2\fileHashes)" [_thread_blocked, id=108, stack(0x0000005221d00000,0x0000005221e00000)]
  0x00000152883fa800 JavaThread "File lock request listener" [_thread_in_native, id=592, stack(0x0000005221e00000,0x0000005221f00000)]
  0x00000152883fc000 JavaThread "Cache worker for journal cache (C:\Users\hovav\.gradle\caches\journal-1)" [_thread_blocked, id=10000, stack(0x0000005222000000,0x0000005222100000)]
  0x000001528884a000 JavaThread "C2 CompilerThread1" daemon [_thread_in_native, id=8768, stack(0x0000005222100000,0x0000005222200000)]
  0x00000152883fd000 JavaThread "Cache worker for file hash cache (C:\Users\hovav\AndroidStudioProjects\Yedidim\.gradle\7.0.2\fileHashes)" [_thread_blocked, id=15500, stack(0x0000005222200000,0x0000005222300000)]
  0x00000152883f9800 JavaThread "File watcher server" daemon [_thread_in_native, id=1936, stack(0x0000005222300000,0x0000005222400000)]
  0x00000152883fb000 JavaThread "File watcher consumer" daemon [_thread_blocked, id=17308, stack(0x0000005222400000,0x0000005222500000)]
  0x00000152883f7000 JavaThread "Cache worker for checksums cache (C:\Users\hovav\AndroidStudioProjects\Yedidim\.gradle\checksums)" [_thread_blocked, id=21268, stack(0x0000005222500000,0x0000005222600000)]
  0x00000152883fd800 JavaThread "Cache worker for cache directory md-supplier (C:\Users\hovav\.gradle\caches\7.0.2\md-supplier)" [_thread_blocked, id=21496, stack(0x0000005222600000,0x0000005222700000)]
  0x00000152883ff000 JavaThread "Cache worker for cache directory md-rule (C:\Users\hovav\.gradle\caches\7.0.2\md-rule)" [_thread_blocked, id=19476, stack(0x0000005222700000,0x0000005222800000)]
  0x0000015288403800 JavaThread "Cache worker for execution history cache (C:\Users\hovav\.gradle\caches\7.0.2\executionHistory)" [_thread_blocked, id=11028, stack(0x0000005222900000,0x0000005222a00000)]
  0x0000015288402800 JavaThread "jar transforms" [_thread_blocked, id=21936, stack(0x0000005222a00000,0x0000005222b00000)]
  0x0000015288405000 JavaThread "jar transforms Thread 2" [_thread_blocked, id=16936, stack(0x0000005222b00000,0x0000005222c00000)]
  0x0000015288400000 JavaThread "Cache worker for file content cache (C:\Users\hovav\.gradle\caches\7.0.2\fileContent)" [_thread_blocked, id=17780, stack(0x0000005222c00000,0x0000005222d00000)]
  0x000001528b911800 JavaThread "Cache worker for dependencies-accessors (C:\Users\hovav\AndroidStudioProjects\Yedidim\.gradle\7.0.2\dependencies-accessors)" [_thread_blocked, id=9560, stack(0x0000005222d00000,0x0000005222e00000)]
  0x000001528b910000 JavaThread "jar transforms Thread 3" [_thread_blocked, id=3252, stack(0x0000005222800000,0x0000005222900000)]
  0x000001528b911000 JavaThread "Cache worker for Build Output Cleanup Cache (C:\Users\hovav\AndroidStudioProjects\Yedidim\.gradle\buildOutputCleanup)" [_thread_blocked, id=23028, stack(0x0000005222f00000,0x0000005223000000)]
  0x000001528b913800 JavaThread "Build operations" [_thread_blocked, id=17300, stack(0x0000005223000000,0x0000005223100000)]
  0x000001528b914000 JavaThread "Build operations Thread 2" [_thread_blocked, id=15476, stack(0x0000005223100000,0x0000005223200000)]
  0x000001528b90e800 JavaThread "Build operations Thread 3" [_thread_blocked, id=16108, stack(0x0000005223200000,0x0000005223300000)]
  0x000001528b915000 JavaThread "Build operations Thread 4" [_thread_blocked, id=20504, stack(0x0000005223300000,0x0000005223400000)]
  0x000001528b90f800 JavaThread "Build operations Thread 5" [_thread_blocked, id=9172, stack(0x0000005223400000,0x0000005223500000)]
  0x000001528b916000 JavaThread "Build operations Thread 6" [_thread_blocked, id=15516, stack(0x0000005223500000,0x0000005223600000)]
  0x000001528b916800 JavaThread "Build operations Thread 7" [_thread_blocked, id=15784, stack(0x0000005223600000,0x0000005223700000)]
  0x000001528b91c800 JavaThread "Build operations Thread 8" [_thread_blocked, id=20620, stack(0x0000005223700000,0x0000005223800000)]
  0x000001528b91b800 JavaThread "jar transforms Thread 4" [_thread_blocked, id=21580, stack(0x0000005223800000,0x0000005223900000)]
  0x000001528b917800 JavaThread "jar transforms Thread 5" [_thread_blocked, id=23144, stack(0x0000005223900000,0x0000005223a00000)]
  0x000001528b918800 JavaThread "jar transforms Thread 6" [_thread_blocked, id=11068, stack(0x0000005223a00000,0x0000005223b00000)]
  0x000001528b91a800 JavaThread "jar transforms Thread 7" [_thread_blocked, id=19032, stack(0x0000005223b00000,0x0000005223c00000)]
  0x000001528b919000 JavaThread "jar transforms Thread 8" [_thread_blocked, id=18752, stack(0x0000005223c00000,0x0000005223d00000)]
  0x000001528d660000 JavaThread "Memory manager" [_thread_blocked, id=11784, stack(0x0000005222e00000,0x0000005222f00000)]
=>0x00000152895be000 JavaThread "C2 CompilerThread2" daemon [_thread_in_native, id=9356, stack(0x0000005223d00000,0x0000005223e00000)]
  0x000001528d65b000 JavaThread "build event listener" [_thread_blocked, id=13328, stack(0x0000005223e00000,0x0000005223f00000)]
  0x000001528d65f000 JavaThread "Execution worker for ':'" [_thread_blocked, id=20336, stack(0x0000005223f00000,0x0000005224000000)]
  0x000001528d660800 JavaThread "Execution worker for ':' Thread 2" [_thread_blocked, id=11552, stack(0x0000005224000000,0x0000005224100000)]
  0x000001528d65c000 JavaThread "Execution worker for ':' Thread 3" [_thread_blocked, id=21500, stack(0x0000005224100000,0x0000005224200000)]
  0x000001528d662800 JavaThread "Execution worker for ':' Thread 4" [_thread_blocked, id=14272, stack(0x0000005224200000,0x0000005224300000)]
  0x000001528d661800 JavaThread "Execution worker for ':' Thread 5" [_thread_blocked, id=9196, stack(0x0000005224300000,0x0000005224400000)]
  0x000001528d65c800 JavaThread "Execution worker for ':' Thread 6" [_thread_blocked, id=20760, stack(0x0000005224400000,0x0000005224500000)]
  0x000001528d663000 JavaThread "Execution worker for ':' Thread 7" [_thread_blocked, id=16592, stack(0x0000005224500000,0x0000005224600000)]
  0x000001528d65d800 JavaThread "Cache worker for execution history cache (C:\Users\hovav\AndroidStudioProjects\Yedidim\.gradle\7.0.2\executionHistory)" [_thread_blocked, id=18812, stack(0x0000005224600000,0x0000005224700000)]

Other Threads:
  0x00000152ff927000 VMThread "VM Thread" [stack: 0x0000005220100000,0x0000005220200000] [id=9028]
  0x00000152ffc83800 WatcherThread [stack: 0x0000005220b00000,0x0000005220c00000] [id=10440]
  0x00000152e952c000 GCTaskThread "GC Thread#0" [stack: 0x000000521fc00000,0x000000521fd00000] [id=23108]
  0x00000152874e8800 GCTaskThread "GC Thread#1" [stack: 0x0000005220d00000,0x0000005220e00000] [id=4452]
  0x0000015286d74000 GCTaskThread "GC Thread#2" [stack: 0x0000005220e00000,0x0000005220f00000] [id=23368]
  0x0000015288a24800 GCTaskThread "GC Thread#3" [stack: 0x0000005221800000,0x0000005221900000] [id=4808]
  0x0000015288dc8800 GCTaskThread "GC Thread#4" [stack: 0x0000005221900000,0x0000005221a00000] [id=6552]
  0x0000015287a38000 GCTaskThread "GC Thread#5" [stack: 0x0000005221a00000,0x0000005221b00000] [id=23228]
  0x0000015288231800 GCTaskThread "GC Thread#6" [stack: 0x0000005221b00000,0x0000005221c00000] [id=10036]
  0x0000015288853000 GCTaskThread "GC Thread#7" [stack: 0x0000005221c00000,0x0000005221d00000] [id=21892]
  0x00000152e955e000 ConcurrentGCThread "G1 Main Marker" [stack: 0x000000521fd00000,0x000000521fe00000] [id=21236]
  0x00000152e955f000 ConcurrentGCThread "G1 Conc#0" [stack: 0x000000521fe00000,0x000000521ff00000] [id=15576]
  0x0000015287cb6000 ConcurrentGCThread "G1 Conc#1" [stack: 0x0000005221f00000,0x0000005222000000] [id=20524]
  0x00000152e95ee800 ConcurrentGCThread "G1 Refine#0" [stack: 0x000000521ff00000,0x0000005220000000] [id=18848]
  0x00000152ff772800 ConcurrentGCThread "G1 Young RemSet Sampling" [stack: 0x0000005220000000,0x0000005220100000] [id=22748]

Threads with active compile tasks:
C2 CompilerThread0  18632 9659       4       org.gradle.internal.snapshot.DirectorySnapshot$$Lambda$980/0x0000000100b01440::accept (20 bytes)
C2 CompilerThread1  18633 9646   !   4       org.gradle.cache.internal.LockOnDemandCrossProcessCacheAccess::incrementLockCount (193 bytes)
C2 CompilerThread2  18633 9627       4       org.gradle.internal.fingerprint.classpath.impl.ClasspathFingerprintingStrategy$ClasspathFingerprintingVisitor::visitEntry (20 bytes)

VM state:not at safepoint (normal execution)

VM Mutex/Monitor currently owned by a thread: None

Heap address: 0x0000000080000000, size: 2048 MB, Compressed Oops mode: 32-bit
Narrow klass base: 0x0000000000000000, Narrow klass shift: 3
Compressed class space size: 1073741824 Address: 0x0000000100000000

Heap:
 garbage-first heap   total 155648K, used 78737K [0x0000000080000000, 0x0000000100000000)
  region size 1024K, 10 young (10240K), 7 survivors (7168K)
 Metaspace       used 80552K, capacity 82671K, committed 82816K, reserved 1120256K
  class space    used 10519K, capacity 11329K, committed 11392K, reserved 1048576K
Heap Regions: E=young(eden), S=young(survivor), O=old, HS=humongous(starts), HC=humongous(continues), CS=collection set, F=free, A=archive, TAMS=top-at-mark-start (previous, next)
|   0|0x0000000080000000, 0x0000000080100000, 0x0000000080100000|100%| O|  |TAMS 0x0000000080100000, 0x0000000080000000| Untracked 
|   1|0x0000000080100000, 0x0000000080200000, 0x0000000080200000|100%| O|  |TAMS 0x0000000080200000, 0x0000000080100000| Untracked 
|   2|0x0000000080200000, 0x0000000080300000, 0x0000000080300000|100%| O|  |TAMS 0x0000000080300000, 0x0000000080200000| Untracked 
|   3|0x0000000080300000, 0x0000000080400000, 0x0000000080400000|100%|HS|  |TAMS 0x0000000080400000, 0x0000000080300000| Complete 
|   4|0x0000000080400000, 0x0000000080500000, 0x0000000080500000|100%|HC|  |TAMS 0x0000000080500000, 0x0000000080400000| Complete 
|   5|0x0000000080500000, 0x0000000080600000, 0x0000000080600000|100%|HC|  |TAMS 0x0000000080600000, 0x0000000080500000| Complete 
|   6|0x0000000080600000, 0x0000000080700000, 0x0000000080700000|100%| O|  |TAMS 0x0000000080700000, 0x0000000080600000| Untracked 
|   7|0x0000000080700000, 0x0000000080800000, 0x0000000080800000|100%| O|  |TAMS 0x0000000080800000, 0x0000000080700000| Untracked 
|   8|0x0000000080800000, 0x0000000080900000, 0x0000000080900000|100%| O|  |TAMS 0x0000000080900000, 0x0000000080800000| Untracked 
|   9|0x0000000080900000, 0x0000000080a00000, 0x0000000080a00000|100%| O|  |TAMS 0x0000000080a00000, 0x0000000080900000| Untracked 
|  10|0x0000000080a00000, 0x0000000080b00000, 0x0000000080b00000|100%| O|  |TAMS 0x0000000080b00000, 0x0000000080a00000| Untracked 
|  11|0x0000000080b00000, 0x0000000080c00000, 0x0000000080c00000|100%| O|  |TAMS 0x0000000080c00000, 0x0000000080b00000| Untracked 
|  12|0x0000000080c00000, 0x0000000080d00000, 0x0000000080d00000|100%| O|  |TAMS 0x0000000080d00000, 0x0000000080c00000| Untracked 
|  13|0x0000000080d00000, 0x0000000080e00000, 0x0000000080e00000|100%| O|  |TAMS 0x0000000080e00000, 0x0000000080d00000| Untracked 
|  14|0x0000000080e00000, 0x0000000080f00000, 0x0000000080f00000|100%| O|  |TAMS 0x0000000080f00000, 0x0000000080e00000| Untracked 
|  15|0x0000000080f00000, 0x0000000081000000, 0x0000000081000000|100%| O|  |TAMS 0x0000000081000000, 0x0000000080f00000| Untracked 
|  16|0x0000000081000000, 0x0000000081100000, 0x0000000081100000|100%|HS|  |TAMS 0x0000000081100000, 0x0000000081000000| Complete 
|  17|0x0000000081100000, 0x0000000081200000, 0x0000000081200000|100%| O|  |TAMS 0x0000000081200000, 0x0000000081100000| Untracked 
|  18|0x0000000081200000, 0x0000000081300000, 0x0000000081300000|100%| O|  |TAMS 0x0000000081300000, 0x0000000081200000| Untracked 
|  19|0x0000000081300000, 0x0000000081400000, 0x0000000081400000|100%| O|  |TAMS 0x0000000081400000, 0x0000000081300000| Untracked 
|  20|0x0000000081400000, 0x0000000081500000, 0x0000000081500000|100%| O|  |TAMS 0x0000000081500000, 0x0000000081400000| Untracked 
|  21|0x0000000081500000, 0x0000000081600000, 0x0000000081600000|100%| O|  |TAMS 0x0000000081600000, 0x0000000081500000| Untracked 
|  22|0x0000000081600000, 0x0000000081700000, 0x0000000081700000|100%| O|  |TAMS 0x0000000081700000, 0x0000000081600000| Untracked 
|  23|0x0000000081700000, 0x0000000081800000, 0x0000000081800000|100%| O|  |TAMS 0x0000000081800000, 0x0000000081700000| Untracked 
|  24|0x0000000081800000, 0x0000000081900000, 0x0000000081900000|100%| O|  |TAMS 0x0000000081900000, 0x0000000081800000| Untracked 
|  25|0x0000000081900000, 0x0000000081a00000, 0x0000000081a00000|100%| O|  |TAMS 0x0000000081a00000, 0x0000000081900000| Untracked 
|  26|0x0000000081a00000, 0x0000000081b00000, 0x0000000081b00000|100%| O|  |TAMS 0x0000000081b00000, 0x0000000081a00000| Untracked 
|  27|0x0000000081b00000, 0x0000000081c00000, 0x0000000081c00000|100%|HS|  |TAMS 0x0000000081c00000, 0x0000000081b00000| Complete 
|  28|0x0000000081c00000, 0x0000000081d00000, 0x0000000081d00000|100%|HS|  |TAMS 0x0000000081d00000, 0x0000000081c00000| Complete 
|  29|0x0000000081d00000, 0x0000000081e00000, 0x0000000081e00000|100%|HC|  |TAMS 0x0000000081e00000, 0x0000000081d00000| Complete 
|  30|0x0000000081e00000, 0x0000000081f00000, 0x0000000081f00000|100%|HC|  |TAMS 0x0000000081f00000, 0x0000000081e00000| Complete 
|  31|0x0000000081f00000, 0x0000000082000000, 0x0000000082000000|100%| O|  |TAMS 0x0000000082000000, 0x0000000081f00000| Untracked 
|  32|0x0000000082000000, 0x0000000082100000, 0x0000000082100000|100%| O|  |TAMS 0x0000000082100000, 0x0000000082000000| Untracked 
|  33|0x0000000082100000, 0x0000000082200000, 0x0000000082200000|100%| O|  |TAMS 0x0000000082200000, 0x0000000082100000| Untracked 
|  34|0x0000000082200000, 0x0000000082300000, 0x0000000082300000|100%|HS|  |TAMS 0x0000000082300000, 0x0000000082200000| Complete 
|  35|0x0000000082300000, 0x0000000082400000, 0x0000000082400000|100%|HC|  |TAMS 0x0000000082400000, 0x0000000082300000| Complete 
|  36|0x0000000082400000, 0x0000000082500000, 0x0000000082500000|100%| O|  |TAMS 0x0000000082500000, 0x0000000082400000| Untracked 
|  37|0x0000000082500000, 0x0000000082600000, 0x0000000082600000|100%| O|  |TAMS 0x0000000082600000, 0x0000000082500000| Untracked 
|  38|0x0000000082600000, 0x0000000082700000, 0x0000000082700000|100%| O|  |TAMS 0x0000000082700000, 0x0000000082600000| Untracked 
|  39|0x0000000082700000, 0x0000000082800000, 0x0000000082800000|100%| O|  |TAMS 0x0000000082800000, 0x0000000082700000| Untracked 
|  40|0x0000000082800000, 0x0000000082900000, 0x0000000082900000|100%| O|  |TAMS 0x0000000082900000, 0x0000000082800000| Untracked 
|  41|0x0000000082900000, 0x0000000082a00000, 0x0000000082a00000|100%| O|  |TAMS 0x0000000082a00000, 0x0000000082900000| Untracked 
|  42|0x0000000082a00000, 0x0000000082b00000, 0x0000000082b00000|100%| O|  |TAMS 0x0000000082b00000, 0x0000000082a00000| Untracked 
|  43|0x0000000082b00000, 0x0000000082c00000, 0x0000000082c00000|100%| O|  |TAMS 0x0000000082c00000, 0x0000000082b00000| Untracked 
|  44|0x0000000082c00000, 0x0000000082d00000, 0x0000000082d00000|100%| O|  |TAMS 0x0000000082c00000, 0x0000000082c00000| Untracked 
|  45|0x0000000082d00000, 0x0000000082e00000, 0x0000000082e00000|100%| O|  |TAMS 0x0000000082e00000, 0x0000000082d00000| Untracked 
|  46|0x0000000082e00000, 0x0000000082f00000, 0x0000000082f00000|100%| O|  |TAMS 0x0000000082f00000, 0x0000000082e00000| Untracked 
|  47|0x0000000082f00000, 0x0000000083000000, 0x0000000083000000|100%| O|  |TAMS 0x0000000083000000, 0x0000000082f00000| Untracked 
|  48|0x0000000083000000, 0x0000000083100000, 0x0000000083100000|100%| O|  |TAMS 0x00000000830b8e00, 0x0000000083000000| Untracked 
|  49|0x0000000083100000, 0x0000000083200000, 0x0000000083200000|100%| O|  |TAMS 0x0000000083100000, 0x0000000083100000| Untracked 
|  50|0x0000000083200000, 0x0000000083300000, 0x0000000083300000|100%| O|  |TAMS 0x0000000083200000, 0x0000000083200000| Untracked 
|  51|0x0000000083300000, 0x0000000083400000, 0x0000000083400000|100%| O|  |TAMS 0x0000000083300000, 0x0000000083300000| Untracked 
|  52|0x0000000083400000, 0x0000000083500000, 0x0000000083500000|100%| O|  |TAMS 0x0000000083400000, 0x0000000083400000| Untracked 
|  53|0x0000000083500000, 0x0000000083600000, 0x0000000083600000|100%| O|  |TAMS 0x0000000083500000, 0x0000000083500000| Untracked 
|  54|0x0000000083600000, 0x0000000083700000, 0x0000000083700000|100%| O|  |TAMS 0x0000000083600000, 0x0000000083600000| Untracked 
|  55|0x0000000083700000, 0x0000000083800000, 0x0000000083800000|100%| O|  |TAMS 0x0000000083700000, 0x0000000083700000| Untracked 
|  56|0x0000000083800000, 0x0000000083900000, 0x0000000083900000|100%| O|  |TAMS 0x0000000083800000, 0x0000000083800000| Untracked 
|  57|0x0000000083900000, 0x0000000083a00000, 0x0000000083a00000|100%| O|  |TAMS 0x0000000083900000, 0x0000000083900000| Untracked 
|  58|0x0000000083a00000, 0x0000000083b00000, 0x0000000083b00000|100%| O|  |TAMS 0x0000000083a00000, 0x0000000083a00000| Untracked 
|  59|0x0000000083b00000, 0x0000000083c00000, 0x0000000083c00000|100%| O|  |TAMS 0x0000000083b00000, 0x0000000083b00000| Untracked 
|  60|0x0000000083c00000, 0x0000000083d00000, 0x0000000083d00000|100%| O|  |TAMS 0x0000000083c00000, 0x0000000083c00000| Untracked 
|  61|0x0000000083d00000, 0x0000000083e00000, 0x0000000083e00000|100%| O|  |TAMS 0x0000000083d00000, 0x0000000083d00000| Untracked 
|  62|0x0000000083e00000, 0x0000000083f00000, 0x0000000083f00000|100%| O|  |TAMS 0x0000000083e00000, 0x0000000083e00000| Untracked 
|  63|0x0000000083f00000, 0x0000000084000000, 0x0000000084000000|100%| O|  |TAMS 0x0000000083f00000, 0x0000000083f00000| Untracked 
|  64|0x0000000084000000, 0x0000000084100000, 0x0000000084100000|100%| O|  |TAMS 0x0000000084000000, 0x0000000084000000| Untracked 
|  65|0x0000000084100000, 0x0000000084200000, 0x0000000084200000|100%| O|  |TAMS 0x0000000084100000, 0x0000000084100000| Untracked 
|  66|0x0000000084200000, 0x0000000084300000, 0x0000000084300000|100%| O|  |TAMS 0x0000000084200000, 0x0000000084200000| Untracked 
|  67|0x0000000084300000, 0x00000000843f2000, 0x0000000084400000| 94%| O|  |TAMS 0x0000000084300000, 0x0000000084300000| Untracked 
|  68|0x0000000084400000, 0x0000000084400000, 0x0000000084500000|  0%| F|  |TAMS 0x0000000084400000, 0x0000000084400000| Untracked 
|  69|0x0000000084500000, 0x0000000084500000, 0x0000000084600000|  0%| F|  |TAMS 0x0000000084500000, 0x0000000084500000| Untracked 
|  70|0x0000000084600000, 0x0000000084600000, 0x0000000084700000|  0%| F|  |TAMS 0x0000000084600000, 0x0000000084600000| Untracked 
|  71|0x0000000084700000, 0x0000000084700000, 0x0000000084800000|  0%| F|  |TAMS 0x0000000084700000, 0x0000000084700000| Untracked 
|  72|0x0000000084800000, 0x0000000084800000, 0x0000000084900000|  0%| F|  |TAMS 0x0000000084800000, 0x0000000084800000| Untracked 
|  73|0x0000000084900000, 0x0000000084900000, 0x0000000084a00000|  0%| F|  |TAMS 0x0000000084900000, 0x0000000084900000| Untracked 
|  74|0x0000000084a00000, 0x0000000084a00000, 0x0000000084b00000|  0%| F|  |TAMS 0x0000000084a00000, 0x0000000084a00000| Untracked 
|  75|0x0000000084b00000, 0x0000000084b00000, 0x0000000084c00000|  0%| F|  |TAMS 0x0000000084b00000, 0x0000000084b00000| Untracked 
|  76|0x0000000084c00000, 0x0000000084c00000, 0x0000000084d00000|  0%| F|  |TAMS 0x0000000084c00000, 0x0000000084c00000| Untracked 
|  77|0x0000000084d00000, 0x0000000084d00000, 0x0000000084e00000|  0%| F|  |TAMS 0x0000000084d00000, 0x0000000084d00000| Untracked 
|  78|0x0000000084e00000, 0x0000000084e00000, 0x0000000084f00000|  0%| F|  |TAMS 0x0000000084e00000, 0x0000000084e00000| Untracked 
|  79|0x0000000084f00000, 0x0000000084f00000, 0x0000000085000000|  0%| F|  |TAMS 0x0000000084f00000, 0x0000000084f00000| Untracked 
|  80|0x0000000085000000, 0x0000000085000000, 0x0000000085100000|  0%| F|  |TAMS 0x0000000085000000, 0x0000000085000000| Untracked 
|  81|0x0000000085100000, 0x0000000085100000, 0x0000000085200000|  0%| F|  |TAMS 0x0000000085100000, 0x0000000085100000| Untracked 
|  82|0x0000000085200000, 0x0000000085200000, 0x0000000085300000|  0%| F|  |TAMS 0x0000000085200000, 0x0000000085200000| Untracked 
|  83|0x0000000085300000, 0x0000000085300000, 0x0000000085400000|  0%| F|  |TAMS 0x0000000085300000, 0x0000000085300000| Untracked 
|  84|0x0000000085400000, 0x0000000085400000, 0x0000000085500000|  0%| F|  |TAMS 0x0000000085400000, 0x0000000085400000| Untracked 
|  85|0x0000000085500000, 0x0000000085500000, 0x0000000085600000|  0%| F|  |TAMS 0x0000000085500000, 0x0000000085500000| Untracked 
|  86|0x0000000085600000, 0x0000000085600000, 0x0000000085700000|  0%| F|  |TAMS 0x0000000085600000, 0x0000000085600000| Untracked 
|  87|0x0000000085700000, 0x0000000085700000, 0x0000000085800000|  0%| F|  |TAMS 0x0000000085700000, 0x0000000085700000| Untracked 
|  88|0x0000000085800000, 0x0000000085800000, 0x0000000085900000|  0%| F|  |TAMS 0x0000000085800000, 0x0000000085800000| Untracked 
|  89|0x0000000085900000, 0x00000000859f2690, 0x0000000085a00000| 94%| S|CS|TAMS 0x0000000085900000, 0x0000000085900000| Complete 
|  90|0x0000000085a00000, 0x0000000085a00000, 0x0000000085b00000|  0%| F|  |TAMS 0x0000000085a00000, 0x0000000085a00000| Untracked 
|  91|0x0000000085b00000, 0x0000000085c00000, 0x0000000085c00000|100%| S|CS|TAMS 0x0000000085b00000, 0x0000000085b00000| Complete 
|  92|0x0000000085c00000, 0x0000000085d00000, 0x0000000085d00000|100%| S|CS|TAMS 0x0000000085c00000, 0x0000000085c00000| Complete 
|  93|0x0000000085d00000, 0x0000000085e00000, 0x0000000085e00000|100%| S|CS|TAMS 0x0000000085d00000, 0x0000000085d00000| Complete 
|  94|0x0000000085e00000, 0x0000000085e00000, 0x0000000085f00000|  0%| F|  |TAMS 0x0000000085e00000, 0x0000000085e00000| Untracked 
|  95|0x0000000085f00000, 0x0000000085f00000, 0x0000000086000000|  0%| F|  |TAMS 0x0000000085f00000, 0x0000000085f00000| Untracked 
|  96|0x0000000086000000, 0x0000000086000000, 0x0000000086100000|  0%| F|  |TAMS 0x0000000086000000, 0x0000000086000000| Untracked 
|  97|0x0000000086100000, 0x0000000086200000, 0x0000000086200000|100%| S|CS|TAMS 0x0000000086100000, 0x0000000086100000| Complete 
|  98|0x0000000086200000, 0x0000000086300000, 0x0000000086300000|100%| S|CS|TAMS 0x0000000086200000, 0x0000000086200000| Complete 
|  99|0x0000000086300000, 0x0000000086400000, 0x0000000086400000|100%| S|CS|TAMS 0x0000000086300000, 0x0000000086300000| Complete 
| 100|0x0000000086400000, 0x0000000086400000, 0x0000000086500000|  0%| F|  |TAMS 0x0000000086400000, 0x0000000086400000| Untracked 
| 101|0x0000000086500000, 0x0000000086500000, 0x0000000086600000|  0%| F|  |TAMS 0x0000000086500000, 0x0000000086500000| Untracked 
| 102|0x0000000086600000, 0x0000000086600000, 0x0000000086700000|  0%| F|  |TAMS 0x0000000086600000, 0x0000000086600000| Untracked 
| 103|0x0000000086700000, 0x0000000086700000, 0x0000000086800000|  0%| F|  |TAMS 0x0000000086700000, 0x0000000086700000| Untracked 
| 104|0x0000000086800000, 0x0000000086800000, 0x0000000086900000|  0%| F|  |TAMS 0x0000000086800000, 0x0000000086800000| Untracked 
| 105|0x0000000086900000, 0x0000000086900000, 0x0000000086a00000|  0%| F|  |TAMS 0x0000000086900000, 0x0000000086900000| Untracked 
| 106|0x0000000086a00000, 0x0000000086a00000, 0x0000000086b00000|  0%| F|  |TAMS 0x0000000086a00000, 0x0000000086a00000| Untracked 
| 107|0x0000000086b00000, 0x0000000086b00000, 0x0000000086c00000|  0%| F|  |TAMS 0x0000000086b00000, 0x0000000086b00000| Untracked 
| 108|0x0000000086c00000, 0x0000000086c00000, 0x0000000086d00000|  0%| F|  |TAMS 0x0000000086c00000, 0x0000000086c00000| Untracked 
| 109|0x0000000086d00000, 0x0000000086d00000, 0x0000000086e00000|  0%| F|  |TAMS 0x0000000086d00000, 0x0000000086d00000| Untracked 
| 110|0x0000000086e00000, 0x0000000086e00000, 0x0000000086f00000|  0%| F|  |TAMS 0x0000000086e00000, 0x0000000086e00000| Untracked 
| 111|0x0000000086f00000, 0x0000000086f00000, 0x0000000087000000|  0%| F|  |TAMS 0x0000000086f00000, 0x0000000086f00000| Untracked 
| 112|0x0000000087000000, 0x0000000087000000, 0x0000000087100000|  0%| F|  |TAMS 0x0000000087000000, 0x0000000087000000| Untracked 
| 113|0x0000000087100000, 0x0000000087100000, 0x0000000087200000|  0%| F|  |TAMS 0x0000000087100000, 0x0000000087100000| Untracked 
| 114|0x0000000087200000, 0x0000000087200000, 0x0000000087300000|  0%| F|  |TAMS 0x0000000087200000, 0x0000000087200000| Untracked 
| 115|0x0000000087300000, 0x0000000087300000, 0x0000000087400000|  0%| F|  |TAMS 0x0000000087300000, 0x0000000087300000| Untracked 
| 116|0x0000000087400000, 0x0000000087400000, 0x0000000087500000|  0%| F|  |TAMS 0x0000000087400000, 0x0000000087400000| Untracked 
| 117|0x0000000087500000, 0x0000000087500000, 0x0000000087600000|  0%| F|  |TAMS 0x0000000087500000, 0x0000000087500000| Untracked 
| 118|0x0000000087600000, 0x0000000087600000, 0x0000000087700000|  0%| F|  |TAMS 0x0000000087600000, 0x0000000087600000| Untracked 
| 119|0x0000000087700000, 0x0000000087700000, 0x0000000087800000|  0%| F|  |TAMS 0x0000000087700000, 0x0000000087700000| Untracked 
| 120|0x0000000087800000, 0x0000000087800000, 0x0000000087900000|  0%| F|  |TAMS 0x0000000087800000, 0x0000000087800000| Untracked 
| 121|0x0000000087900000, 0x0000000087900000, 0x0000000087a00000|  0%| F|  |TAMS 0x0000000087900000, 0x0000000087900000| Untracked 
| 122|0x0000000087a00000, 0x0000000087a00000, 0x0000000087b00000|  0%| F|  |TAMS 0x0000000087a00000, 0x0000000087a00000| Untracked 
| 123|0x0000000087b00000, 0x0000000087b00000, 0x0000000087c00000|  0%| F|  |TAMS 0x0000000087b00000, 0x0000000087b00000| Untracked 
| 124|0x0000000087c00000, 0x0000000087c00000, 0x0000000087d00000|  0%| F|  |TAMS 0x0000000087c00000, 0x0000000087c00000| Untracked 
| 125|0x0000000087d00000, 0x0000000087d00000, 0x0000000087e00000|  0%| F|  |TAMS 0x0000000087d00000, 0x0000000087d00000| Untracked 
| 126|0x0000000087e00000, 0x0000000087e00000, 0x0000000087f00000|  0%| F|  |TAMS 0x0000000087e00000, 0x0000000087e00000| Untracked 
| 127|0x0000000087f00000, 0x0000000087f00000, 0x0000000088000000|  0%| F|  |TAMS 0x0000000087f00000, 0x0000000087f00000| Untracked 
| 128|0x0000000088000000, 0x0000000088000000, 0x0000000088100000|  0%| F|  |TAMS 0x0000000088000000, 0x0000000088000000| Untracked 
| 129|0x0000000088100000, 0x0000000088100000, 0x0000000088200000|  0%| F|  |TAMS 0x0000000088100000, 0x0000000088100000| Untracked 
| 130|0x0000000088200000, 0x0000000088200000, 0x0000000088300000|  0%| F|  |TAMS 0x0000000088200000, 0x0000000088200000| Untracked 
| 131|0x0000000088300000, 0x0000000088300000, 0x0000000088400000|  0%| F|  |TAMS 0x0000000088300000, 0x0000000088300000| Untracked 
| 132|0x0000000088400000, 0x0000000088400000, 0x0000000088500000|  0%| F|  |TAMS 0x0000000088400000, 0x0000000088400000| Untracked 
| 133|0x0000000088500000, 0x0000000088500000, 0x0000000088600000|  0%| F|  |TAMS 0x0000000088500000, 0x0000000088500000| Untracked 
| 134|0x0000000088600000, 0x0000000088600000, 0x0000000088700000|  0%| F|  |TAMS 0x0000000088600000, 0x0000000088600000| Untracked 
| 135|0x0000000088700000, 0x0000000088700000, 0x0000000088800000|  0%| F|  |TAMS 0x0000000088700000, 0x0000000088700000| Untracked 
| 136|0x0000000088800000, 0x0000000088800000, 0x0000000088900000|  0%| F|  |TAMS 0x0000000088800000, 0x0000000088800000| Untracked 
| 137|0x0000000088900000, 0x0000000088900000, 0x0000000088a00000|  0%| F|  |TAMS 0x0000000088900000, 0x0000000088900000| Untracked 
| 138|0x0000000088a00000, 0x0000000088a00000, 0x0000000088b00000|  0%| F|  |TAMS 0x0000000088a00000, 0x0000000088a00000| Untracked 
| 139|0x0000000088b00000, 0x0000000088b00000, 0x0000000088c00000|  0%| F|  |TAMS 0x0000000088b00000, 0x0000000088b00000| Untracked 
| 140|0x0000000088c00000, 0x0000000088c00000, 0x0000000088d00000|  0%| F|  |TAMS 0x0000000088c00000, 0x0000000088c00000| Untracked 
| 141|0x0000000088d00000, 0x0000000088d00000, 0x0000000088e00000|  0%| F|  |TAMS 0x0000000088d00000, 0x0000000088d00000| Untracked 
| 142|0x0000000088e00000, 0x0000000088e00000, 0x0000000088f00000|  0%| F|  |TAMS 0x0000000088e00000, 0x0000000088e00000| Untracked 
| 143|0x0000000088f00000, 0x0000000088f00000, 0x0000000089000000|  0%| F|  |TAMS 0x0000000088f00000, 0x0000000088f00000| Untracked 
| 144|0x0000000089000000, 0x0000000089000000, 0x0000000089100000|  0%| F|  |TAMS 0x0000000089000000, 0x0000000089000000| Untracked 
| 145|0x0000000089100000, 0x0000000089100000, 0x0000000089200000|  0%| F|  |TAMS 0x0000000089100000, 0x0000000089100000| Untracked 
| 146|0x0000000089200000, 0x0000000089200000, 0x0000000089300000|  0%| F|  |TAMS 0x0000000089200000, 0x0000000089200000| Untracked 
| 147|0x0000000089300000, 0x0000000089300000, 0x0000000089400000|  0%| F|  |TAMS 0x0000000089300000, 0x0000000089300000| Untracked 
| 148|0x0000000089400000, 0x0000000089400000, 0x0000000089500000|  0%| F|  |TAMS 0x0000000089400000, 0x0000000089400000| Untracked 
| 149|0x0000000089500000, 0x0000000089535638, 0x0000000089600000| 20%| E|  |TAMS 0x0000000089500000, 0x0000000089500000| Complete 
| 150|0x0000000089600000, 0x0000000089700000, 0x0000000089700000|100%| E|CS|TAMS 0x0000000089600000, 0x0000000089600000| Complete 
| 151|0x0000000089700000, 0x0000000089800000, 0x0000000089800000|100%| E|CS|TAMS 0x0000000089700000, 0x0000000089700000| Complete 

Card table byte_map: [0x00000152fe640000,0x00000152fea40000] _byte_map_base: 0x00000152fe240000

Marking Bits (Prev, Next): (CMBitMap*) 0x00000152e9555158, (CMBitMap*) 0x00000152e9555190
 Prev Bits: [0x0000015280000000, 0x0000015282000000)
 Next Bits: [0x0000015282000000, 0x0000015284000000)

Polling page: 0x00000152e95f0000

Metaspace:

Usage:
  Non-class:     69.67 MB capacity,    68.39 MB ( 98%) used,     1.05 MB (  2%) free+waste,   236.00 KB ( <1%) overhead. 
      Class:     11.06 MB capacity,    10.27 MB ( 93%) used,   701.16 KB (  6%) free+waste,   108.63 KB ( <1%) overhead. 
       Both:     80.73 MB capacity,    78.66 MB ( 97%) used,     1.73 MB (  2%) free+waste,   344.63 KB ( <1%) overhead. 

Virtual space:
  Non-class space:       70.00 MB reserved,      69.75 MB (>99%) committed 
      Class space:        1.00 GB reserved,      11.13 MB (  1%) committed 
             Both:        1.07 GB reserved,      80.88 MB (  7%) committed 

Chunk freelists:
   Non-Class:  18.00 KB
       Class:  0 bytes
        Both:  18.00 KB

MaxMetaspaceSize: 17179869184.00 GB
CompressedClassSpaceSize: 1.00 GB

CodeHeap 'non-profiled nmethods': size=120000Kb used=6520Kb max_used=6520Kb free=113479Kb
 bounds [0x00000152f62a0000, 0x00000152f6900000, 0x00000152fd7d0000]
CodeHeap 'profiled nmethods': size=120000Kb used=20786Kb max_used=20786Kb free=99213Kb
 bounds [0x00000152eed70000, 0x00000152f01c0000, 0x00000152f62a0000]
CodeHeap 'non-nmethods': size=5760Kb used=2294Kb max_used=2344Kb free=3465Kb
 bounds [0x00000152ee7d0000, 0x00000152eea40000, 0x00000152eed70000]
 total_blobs=10490 nmethods=9614 adapters=783
 compilation: enabled
              stopped_count=0, restarted_count=0
 full_count=0

Compilation events (20 events):
Event: 18.520 Thread 0x00000152ff952000 nmethod 9645 0x00000152f01afd90 code [0x00000152f01affe0, 0x00000152f01b07c8]
Event: 18.574 Thread 0x000001528884a000 9646   !   4       org.gradle.cache.internal.LockOnDemandCrossProcessCacheAccess::incrementLockCount (193 bytes)
Event: 18.580 Thread 0x00000152ff94a800 nmethod 9585 0x00000152f68f2f90 code [0x00000152f68f3400, 0x00000152f68f7898]
Event: 18.580 Thread 0x00000152ff94a800 9647   !   4       org.gradle.cache.internal.LockOnDemandCrossProcessCacheAccess::decrementLockCount (86 bytes)
Event: 18.583 Thread 0x00000152ff952000 9648       1       org.gradle.api.internal.file.collections.ListBackedFileSet::getFiles (5 bytes)
Event: 18.583 Thread 0x00000152ff952000 nmethod 9648 0x00000152f68fb490 code [0x00000152f68fb640, 0x00000152f68fb6f8]
Event: 18.583 Thread 0x00000152ff952000 9650       1       org.gradle.internal.fingerprint.DirectorySensitivity::lambda$static$0 (2 bytes)
Event: 18.583 Thread 0x00000152ff952000 nmethod 9650 0x00000152f68fb790 code [0x00000152f68fb940, 0x00000152f68fb9d8]
Event: 18.583 Thread 0x00000152ff952000 9651       3       org.gradle.internal.fingerprint.DirectorySensitivity::shouldFingerprint (11 bytes)
Event: 18.583 Thread 0x00000152ff952000 nmethod 9651 0x00000152f01b0a90 code [0x00000152f01b0c40, 0x00000152f01b0e08]
Event: 18.583 Thread 0x00000152ff952000 9652       3       org.gradle.internal.fingerprint.DirectorySensitivity$$Lambda$169/0x0000000100364440::test (8 bytes)
Event: 18.583 Thread 0x00000152ff952000 nmethod 9652 0x00000152f01b0f10 code [0x00000152f01b10c0, 0x00000152f01b1318]
Event: 18.583 Thread 0x00000152ff952000 9653       3       org.gradle.internal.fingerprint.impl.DefaultFileSystemLocationFingerprint::<init> (18 bytes)
Event: 18.584 Thread 0x00000152ff952000 nmethod 9653 0x00000152f01b1410 code [0x00000152f01b1600, 0x00000152f01b1a48]
Event: 18.585 Thread 0x00000152ff952000 9654       3       org.gradle.internal.fingerprint.impl.RelativePathFingerprintingStrategy$$Lambda$997/0x0000000100b05c40::visitEntry (18 bytes)
Event: 18.585 Thread 0x00000152ff952000 nmethod 9654 0x00000152f01b1c10 code [0x00000152f01b1dc0, 0x00000152f01b1f08]
Event: 18.585 Thread 0x00000152ff952000 9655       3       org.gradle.internal.fingerprint.impl.RelativePathFingerprintingStrategy::lambda$collectFingerprints$0 (119 bytes)
Event: 18.586 Thread 0x00000152ff952000 nmethod 9655 0x00000152f01b2010 code [0x00000152f01b2320, 0x00000152f01b37a8]
Event: 18.586 Thread 0x00000152ff952000 9658       3       org.gradle.internal.snapshot.DirectorySnapshot::getType (4 bytes)
Event: 18.586 Thread 0x00000152ff952000 nmethod 9658 0x00000152f01b3e10 code [0x00000152f01b3fc0, 0x00000152f01b40d8]

GC Heap History (20 events):
Event: 6.438 GC heap before
{Heap before GC invocations=9 (full 0):
 garbage-first heap   total 129024K, used 87311K [0x0000000080000000, 0x0000000100000000)
  region size 1024K, 67 young (68608K), 9 survivors (9216K)
 Metaspace       used 44148K, capacity 45131K, committed 45312K, reserved 1089536K
  class space    used 5657K, capacity 6036K, committed 6144K, reserved 1048576K
}
Event: 6.446 GC heap after
{Heap after GC invocations=10 (full 0):
 garbage-first heap   total 129024K, used 28584K [0x0000000080000000, 0x0000000100000000)
  region size 1024K, 3 young (3072K), 3 survivors (3072K)
 Metaspace       used 44148K, capacity 45131K, committed 45312K, reserved 1089536K
  class space    used 5657K, capacity 6036K, committed 6144K, reserved 1048576K
}
Event: 7.780 GC heap before
{Heap before GC invocations=10 (full 0):
 garbage-first heap   total 129024K, used 94120K [0x0000000080000000, 0x0000000100000000)
  region size 1024K, 63 young (64512K), 3 survivors (3072K)
 Metaspace       used 47196K, capacity 48422K, committed 48512K, reserved 1091584K
  class space    used 6018K, capacity 6442K, committed 6528K, reserved 1048576K
}
Event: 7.790 GC heap after
{Heap after GC invocations=11 (full 0):
 garbage-first heap   total 155648K, used 42284K [0x0000000080000000, 0x0000000100000000)
  region size 1024K, 8 young (8192K), 8 survivors (8192K)
 Metaspace       used 47196K, capacity 48422K, committed 48512K, reserved 1091584K
  class space    used 6018K, capacity 6442K, committed 6528K, reserved 1048576K
}
Event: 9.250 GC heap before
{Heap before GC invocations=11 (full 0):
 garbage-first heap   total 155648K, used 111916K [0x0000000080000000, 0x0000000100000000)
  region size 1024K, 74 young (75776K), 8 survivors (8192K)
 Metaspace       used 55897K, capacity 57331K, committed 57600K, reserved 1099776K
  class space    used 7066K, capacity 7601K, committed 7680K, reserved 1048576K
}
Event: 9.257 GC heap after
{Heap after GC invocations=12 (full 0):
 garbage-first heap   total 155648K, used 49270K [0x0000000080000000, 0x0000000100000000)
  region size 1024K, 5 young (5120K), 5 survivors (5120K)
 Metaspace       used 55897K, capacity 57331K, committed 57600K, reserved 1099776K
  class space    used 7066K, capacity 7601K, committed 7680K, reserved 1048576K
}
Event: 9.735 GC heap before
{Heap before GC invocations=12 (full 0):
 garbage-first heap   total 155648K, used 66678K [0x0000000080000000, 0x0000000100000000)
  region size 1024K, 23 young (23552K), 5 survivors (5120K)
 Metaspace       used 58639K, capacity 60081K, committed 60160K, reserved 1101824K
  class space    used 7426K, capacity 7986K, committed 8064K, reserved 1048576K
}
Event: 9.742 GC heap after
{Heap after GC invocations=13 (full 0):
 garbage-first heap   total 155648K, used 50678K [0x0000000080000000, 0x0000000100000000)
  region size 1024K, 6 young (6144K), 6 survivors (6144K)
 Metaspace       used 58639K, capacity 60081K, committed 60160K, reserved 1101824K
  class space    used 7426K, capacity 7986K, committed 8064K, reserved 1048576K
}
Event: 10.820 GC heap before
{Heap before GC invocations=14 (full 0):
 garbage-first heap   total 155648K, used 116214K [0x0000000080000000, 0x0000000100000000)
  region size 1024K, 70 young (71680K), 6 survivors (6144K)
 Metaspace       used 63539K, capacity 64981K, committed 65280K, reserved 1105920K
  class space    used 8064K, capacity 8601K, committed 8704K, reserved 1048576K
}
Event: 10.837 GC heap after
{Heap after GC invocations=15 (full 0):
 garbage-first heap   total 155648K, used 55555K [0x0000000080000000, 0x0000000100000000)
  region size 1024K, 7 young (7168K), 7 survivors (7168K)
 Metaspace       used 63539K, capacity 64981K, committed 65280K, reserved 1105920K
  class space    used 8064K, capacity 8601K, committed 8704K, reserved 1048576K
}
Event: 12.519 GC heap before
{Heap before GC invocations=16 (full 0):
 garbage-first heap   total 155648K, used 119043K [0x0000000080000000, 0x0000000100000000)
  region size 1024K, 69 young (70656K), 7 survivors (7168K)
 Metaspace       used 68783K, capacity 70440K, committed 70784K, reserved 1110016K
  class space    used 8892K, capacity 9475K, committed 9600K, reserved 1048576K
}
Event: 12.528 GC heap after
{Heap after GC invocations=17 (full 0):
 garbage-first heap   total 155648K, used 60394K [0x0000000080000000, 0x0000000100000000)
  region size 1024K, 5 young (5120K), 5 survivors (5120K)
 Metaspace       used 68783K, capacity 70440K, committed 70784K, reserved 1110016K
  class space    used 8892K, capacity 9475K, committed 9600K, reserved 1048576K
}
Event: 14.006 GC heap before
{Heap before GC invocations=17 (full 0):
 garbage-first heap   total 155648K, used 122858K [0x0000000080000000, 0x0000000100000000)
  region size 1024K, 66 young (67584K), 5 survivors (5120K)
 Metaspace       used 72668K, capacity 74331K, committed 74368K, reserved 1114112K
  class space    used 9487K, capacity 10099K, committed 10112K, reserved 1048576K
}
Event: 14.015 GC heap after
{Heap after GC invocations=18 (full 0):
 garbage-first heap   total 155648K, used 64782K [0x0000000080000000, 0x0000000100000000)
  region size 1024K, 5 young (5120K), 5 survivors (5120K)
 Metaspace       used 72668K, capacity 74331K, committed 74368K, reserved 1114112K
  class space    used 9487K, capacity 10099K, committed 10112K, reserved 1048576K
}
Event: 16.027 GC heap before
{Heap before GC invocations=18 (full 0):
 garbage-first heap   total 155648K, used 123150K [0x0000000080000000, 0x0000000100000000)
  region size 1024K, 63 young (64512K), 5 survivors (5120K)
 Metaspace       used 77896K, capacity 79849K, committed 80128K, reserved 1118208K
  class space    used 10198K, capacity 10910K, committed 11008K, reserved 1048576K
}
Event: 16.036 GC heap after
{Heap after GC invocations=19 (full 0):
 garbage-first heap   total 155648K, used 69428K [0x0000000080000000, 0x0000000100000000)
  region size 1024K, 8 young (8192K), 8 survivors (8192K)
 Metaspace       used 77896K, capacity 79849K, committed 80128K, reserved 1118208K
  class space    used 10198K, capacity 10910K, committed 11008K, reserved 1048576K
}
Event: 17.394 GC heap before
{Heap before GC invocations=19 (full 0):
 garbage-first heap   total 155648K, used 124724K [0x0000000080000000, 0x0000000100000000)
  region size 1024K, 63 young (64512K), 8 survivors (8192K)
 Metaspace       used 80029K, capacity 82141K, committed 82304K, reserved 1120256K
  class space    used 10493K, capacity 11275K, committed 11392K, reserved 1048576K
}
Event: 17.406 GC heap after
{Heap after GC invocations=20 (full 0):
 garbage-first heap   total 155648K, used 74381K [0x0000000080000000, 0x0000000100000000)
  region size 1024K, 5 young (5120K), 5 survivors (5120K)
 Metaspace       used 80029K, capacity 82141K, committed 82304K, reserved 1120256K
  class space    used 10493K, capacity 11275K, committed 11392K, reserved 1048576K
}
Event: 18.587 GC heap before
{Heap before GC invocations=20 (full 0):
 garbage-first heap   total 155648K, used 126605K [0x0000000080000000, 0x0000000100000000)
  region size 1024K, 57 young (58368K), 5 survivors (5120K)
 Metaspace       used 80476K, capacity 82548K, committed 82816K, reserved 1120256K
  class space    used 10504K, capacity 11288K, committed 11392K, reserved 1048576K
}
Event: 18.596 GC heap after
{Heap after GC invocations=21 (full 0):
 garbage-first heap   total 155648K, used 76689K [0x0000000080000000, 0x0000000100000000)
  region size 1024K, 7 young (7168K), 7 survivors (7168K)
 Metaspace       used 80476K, capacity 82548K, committed 82816K, reserved 1120256K
  class space    used 10504K, capacity 11288K, committed 11392K, reserved 1048576K
}

Deoptimization events (20 events):
Event: 18.110 Thread 0x000001528d662800 Uncommon trap: trap_request=0xffffffde fr.pc=0x00000152f68b0c20 relative=0x00000000000003a0
Event: 18.110 Thread 0x000001528d662800 Uncommon trap: reason=class_check action=maybe_recompile pc=0x00000152f68b0c20 method=java.util.stream.ReferencePipeline.collect(Ljava/util/stream/Collector;)Ljava/lang/Object; @ 118 c2
Event: 18.110 Thread 0x000001528d662800 DEOPT PACKING pc=0x00000152f68b0c20 sp=0x00000052242fc7d0
Event: 18.110 Thread 0x000001528d662800 DEOPT UNPACKING pc=0x00000152ee7f78af sp=0x00000052242fc798 mode 2
Event: 18.304 Thread 0x000001528b913800 Uncommon trap: trap_request=0xffffff4d fr.pc=0x00000152f684b6e0 relative=0x00000000000003a0
Event: 18.304 Thread 0x000001528b913800 Uncommon trap: reason=unstable_if action=reinterpret pc=0x00000152f684b6e0 method=java.util.concurrent.ConcurrentLinkedQueue.offer(Ljava/lang/Object;)Z @ 96 c2
Event: 18.304 Thread 0x000001528b913800 DEOPT PACKING pc=0x00000152f684b6e0 sp=0x00000052230fb940
Event: 18.304 Thread 0x000001528b913800 DEOPT UNPACKING pc=0x00000152ee7f78af sp=0x00000052230fb8d8 mode 2
Event: 18.410 Thread 0x000001528d662800 Uncommon trap: trap_request=0xffffff4d fr.pc=0x00000152f6848688 relative=0x00000000000007a8
Event: 18.410 Thread 0x000001528d662800 Uncommon trap: reason=unstable_if action=reinterpret pc=0x00000152f6848688 method=org.gradle.internal.snapshot.VfsRelativePath.lengthOfCommonPrefix(Ljava/lang/String;Lorg/gradle/internal/snapshot/CaseSensitivity;)I @ 117 c2
Event: 18.410 Thread 0x000001528d662800 DEOPT PACKING pc=0x00000152f6848688 sp=0x00000052242fc860
Event: 18.410 Thread 0x000001528d662800 DEOPT UNPACKING pc=0x00000152ee7f78af sp=0x00000052242fc7e8 mode 2
Event: 18.410 Thread 0x000001528d662800 Uncommon trap: trap_request=0xffffffde fr.pc=0x00000152f68da634 relative=0x00000000000002d4
Event: 18.410 Thread 0x000001528d662800 Uncommon trap: reason=class_check action=maybe_recompile pc=0x00000152f68da634 method=org.gradle.internal.snapshot.ChildMapFactory.childMapFromSorted(Ljava/util/List;)Lorg/gradle/internal/snapshot/ChildMap; @ 46 c2
Event: 18.410 Thread 0x000001528d662800 DEOPT PACKING pc=0x00000152f68da634 sp=0x00000052242fc760
Event: 18.410 Thread 0x000001528d662800 DEOPT UNPACKING pc=0x00000152ee7f78af sp=0x00000052242fc710 mode 2
Event: 18.410 Thread 0x000001528d662800 Uncommon trap: trap_request=0xffffffde fr.pc=0x00000152f687c53c relative=0x0000000000000ebc
Event: 18.410 Thread 0x000001528d662800 Uncommon trap: reason=class_check action=maybe_recompile pc=0x00000152f687c53c method=org.gradle.internal.snapshot.ChildMap$Entry.handleAncestorDescendantOrExactMatch(Lorg/gradle/internal/snapshot/VfsRelativePath;Lorg/gradle/internal/snapshot/CaseSensitiv
Event: 18.410 Thread 0x000001528d662800 DEOPT PACKING pc=0x00000152f687c53c sp=0x00000052242fc960
Event: 18.410 Thread 0x000001528d662800 DEOPT UNPACKING pc=0x00000152ee7f78af sp=0x00000052242fc938 mode 2

Classes redefined (0 events):
No events

Internal exceptions (20 events):
Event: 16.094 Thread 0x000001528d65c000 Exception <a 'java/lang/IncompatibleClassChangeError'{0x0000000089576330}: Found class java.lang.Object, but interface was expected> (0x0000000089576330) thrown at [./src/hotspot/share/interpreter/linkResolver.cpp, line 839]
Event: 16.149 Thread 0x000001528d65c000 Exception <a 'java/lang/NoSuchMethodError'{0x000000008933cd48}: 'int java.lang.invoke.DirectMethodHandle$Holder.invokeStaticInit(java.lang.Object, java.lang.Object, java.lang.Object, java.lang.Object, java.lang.Object)'> (0x000000008933cd48) thrown at [./src/hotspot/share/interpreter/linkResolver.cpp, line 773]
Event: 16.243 Thread 0x000001528d662800 Exception <a 'java/lang/ClassNotFoundException'{0x00000000890b67e8}: groovy/util/slurpersupport/NodeChildBeanInfo> (0x00000000890b67e8) thrown at [./src/hotspot/share/classfile/systemDictionary.cpp, line 231]
Event: 16.244 Thread 0x000001528d662800 Exception <a 'java/lang/ClassNotFoundException'{0x00000000890cb928}: groovy/util/slurpersupport/GPathResultBeanInfo> (0x00000000890cb928) thrown at [./src/hotspot/share/classfile/systemDictionary.cpp, line 231]
Event: 16.244 Thread 0x000001528d662800 Exception <a 'java/lang/ClassNotFoundException'{0x00000000890dfd30}: groovy/util/slurpersupport/GPathResultCustomizer> (0x00000000890dfd30) thrown at [./src/hotspot/share/classfile/systemDictionary.cpp, line 231]
Event: 16.248 Thread 0x000001528d662800 Exception <a 'java/lang/ClassNotFoundException'{0x0000000088f04f00}: groovy/util/slurpersupport/NodeChildCustomizer> (0x0000000088f04f00) thrown at [./src/hotspot/share/classfile/systemDictionary.cpp, line 231]
Event: 16.262 Thread 0x000001528d662800 Exception <a 'java/lang/ClassNotFoundException'{0x0000000088ffe300}: groovy/util/slurpersupport/AttributesBeanInfo> (0x0000000088ffe300) thrown at [./src/hotspot/share/classfile/systemDictionary.cpp, line 231]
Event: 16.262 Thread 0x000001528d662800 Exception <a 'java/lang/ClassNotFoundException'{0x0000000088e12f48}: groovy/util/slurpersupport/NodeChildrenBeanInfo> (0x0000000088e12f48) thrown at [./src/hotspot/share/classfile/systemDictionary.cpp, line 231]
Event: 16.263 Thread 0x000001528d662800 Exception <a 'java/lang/ClassNotFoundException'{0x0000000088e27428}: groovy/util/slurpersupport/NodeChildrenCustomizer> (0x0000000088e27428) thrown at [./src/hotspot/share/classfile/systemDictionary.cpp, line 231]
Event: 16.263 Thread 0x000001528d662800 Exception <a 'java/lang/ClassNotFoundException'{0x0000000088e42eb8}: groovy/util/slurpersupport/AttributesCustomizer> (0x0000000088e42eb8) thrown at [./src/hotspot/share/classfile/systemDictionary.cpp, line 231]
Event: 16.269 Thread 0x000001528d662800 Exception <a 'java/lang/ClassNotFoundException'{0x0000000088d230d8}: groovy/util/slurpersupport/AttributeBeanInfo> (0x0000000088d230d8) thrown at [./src/hotspot/share/classfile/systemDictionary.cpp, line 231]
Event: 16.270 Thread 0x000001528d662800 Exception <a 'java/lang/ClassNotFoundException'{0x0000000088d37468}: groovy/util/slurpersupport/AttributeCustomizer> (0x0000000088d37468) thrown at [./src/hotspot/share/classfile/systemDictionary.cpp, line 231]
Event: 16.966 Thread 0x000001528b91c800 Exception <a 'java/lang/NoSuchMethodError'{0x0000000087a97770}: 'java.lang.Object java.lang.invoke.DirectMethodHandle$Holder.invokeSpecialIFC(java.lang.Object, java.lang.Object, java.lang.Object)'> (0x0000000087a97770) thrown at [./src/hotspot/share/interpreter/linkResolver.cpp, line 773]
Event: 16.966 Thread 0x000001528b916000 Exception <a 'java/lang/NoSuchMethodError'{0x0000000087ad8cb0}: 'java.lang.Object java.lang.invoke.DirectMethodHandle$Holder.invokeSpecialIFC(java.lang.Object, java.lang.Object, java.lang.Object)'> (0x0000000087ad8cb0) thrown at [./src/hotspot/share/interpreter/linkResolver.cpp, line 773]
Event: 16.966 Thread 0x000001528b914000 Exception <a 'java/lang/NoSuchMethodError'{0x0000000087afc948}: 'java.lang.Object java.lang.invoke.DirectMethodHandle$Holder.invokeSpecialIFC(java.lang.Object, java.lang.Object, java.lang.Object)'> (0x0000000087afc948) thrown at [./src/hotspot/share/interpreter/linkResolver.cpp, line 773]
Event: 16.966 Thread 0x000001528b913800 Exception <a 'java/lang/NoSuchMethodError'{0x0000000087bcec18}: 'java.lang.Object java.lang.invoke.DirectMethodHandle$Holder.invokeSpecialIFC(java.lang.Object, java.lang.Object, java.lang.Object)'> (0x0000000087bcec18) thrown at [./src/hotspot/share/interpreter/linkResolver.cpp, line 773]
Event: 16.966 Thread 0x000001528b916800 Exception <a 'java/lang/NoSuchMethodError'{0x0000000087a76dc8}: 'java.lang.Object java.lang.invoke.DirectMethodHandle$Holder.invokeSpecialIFC(java.lang.Object, java.lang.Object, java.lang.Object)'> (0x0000000087a76dc8) thrown at [./src/hotspot/share/interpreter/linkResolver.cpp, line 773]
Event: 16.966 Thread 0x000001528b915000 Exception <a 'java/lang/NoSuchMethodError'{0x0000000087ab6920}: 'java.lang.Object java.lang.invoke.DirectMethodHandle$Holder.invokeSpecialIFC(java.lang.Object, java.lang.Object, java.lang.Object)'> (0x0000000087ab6920) thrown at [./src/hotspot/share/interpreter/linkResolver.cpp, line 773]
Event: 16.966 Thread 0x000001528b90e800 Exception <a 'java/lang/NoSuchMethodError'{0x0000000087ac93f8}: 'java.lang.Object java.lang.invoke.DirectMethodHandle$Holder.invokeSpecialIFC(java.lang.Object, java.lang.Object, java.lang.Object)'> (0x0000000087ac93f8) thrown at [./src/hotspot/share/interpreter/linkResolver.cpp, line 773]
Event: 17.180 Thread 0x000001528b916000 Exception <a 'java/lang/NoSuchMethodError'{0x0000000086b79210}: 'void java.lang.invoke.DirectMethodHandle$Holder.invokeVirtual(java.lang.Object, java.lang.Object)'> (0x0000000086b79210) thrown at [./src/hotspot/share/interpreter/linkResolver.cpp, line 773]

Events (20 events):
Event: 18.111 loading class org/gradle/api/internal/file/collections/DefaultConfigurableFileCollection$1
Event: 18.111 loading class org/gradle/api/internal/file/collections/DefaultConfigurableFileCollection$1 done
Event: 18.111 loading class org/gradle/api/internal/file/collections/ListBackedFileSet
Event: 18.111 loading class org/gradle/api/internal/file/collections/ListBackedFileSet done
Event: 18.112 loading class org/gradle/api/internal/file/collections/DefaultConfigurableFileCollection$ResolvedItemsCollector
Event: 18.112 loading class org/gradle/api/internal/file/collections/DefaultConfigurableFileCollection$ResolvedItemsCollector done
Event: 18.300 Executing VM operation: ICBufferFull
Event: 18.301 Executing VM operation: ICBufferFull done
Event: 18.410 loading class org/gradle/execution/plan/ValuedVfsHierarchy$ValueVisitor
Event: 18.410 loading class org/gradle/execution/plan/ValuedVfsHierarchy$ValueVisitor done
Event: 18.410 loading class org/gradle/execution/plan/ValuedVfsHierarchy$ValueVisitor
Event: 18.410 loading class org/gradle/execution/plan/ValuedVfsHierarchy$ValueVisitor done
Event: 18.410 loading class org/gradle/execution/plan/ValuedVfsHierarchy
Event: 18.410 loading class org/gradle/execution/plan/ValuedVfsHierarchy done
Event: 18.582 loading class org/gradle/internal/snapshot/FileSystemLocationSnapshot
Event: 18.582 loading class org/gradle/internal/snapshot/FileSystemLocationSnapshot done
Event: 18.582 loading class org/gradle/internal/fingerprint/impl/RelativePathFingerprintingStrategy
Event: 18.582 loading class org/gradle/internal/fingerprint/impl/RelativePathFingerprintingStrategy done
Event: 18.587 Executing VM operation: G1CollectForAllocation
Event: 18.596 Executing VM operation: G1CollectForAllocation done


Dynamic libraries:
0x00007ff66afd0000 - 0x00007ff66afda000 	C:\Program Files\Android\Android Studio\jre\bin\java.exe
0x00007ffac1880000 - 0x00007ffac1a87000 	C:\WINDOWS\SYSTEM32\ntdll.dll
0x00007ffac0eb0000 - 0x00007ffac0f6d000 	C:\WINDOWS\System32\KERNEL32.DLL
0x00007ffabf270000 - 0x00007ffabf5e4000 	C:\WINDOWS\System32\KERNELBASE.dll
0x00007ffabf5f0000 - 0x00007ffabf701000 	C:\WINDOWS\System32\ucrtbase.dll
0x00007ffaab730000 - 0x00007ffaab747000 	C:\Program Files\Android\Android Studio\jre\bin\VCRUNTIME140.dll
0x00007ffaab010000 - 0x00007ffaab029000 	C:\Program Files\Android\Android Studio\jre\bin\jli.dll
0x00007ffac1690000 - 0x00007ffac183c000 	C:\WINDOWS\System32\USER32.dll
0x00007ffabf240000 - 0x00007ffabf266000 	C:\WINDOWS\System32\win32u.dll
0x00007ffac06e0000 - 0x00007ffac0709000 	C:\WINDOWS\System32\GDI32.dll
0x00007ffabef40000 - 0x00007ffabf052000 	C:\WINDOWS\System32\gdi32full.dll
0x00007ffabee20000 - 0x00007ffabeebd000 	C:\WINDOWS\System32\msvcp_win.dll
0x00007ffa8e280000 - 0x00007ffa8e525000 	C:\WINDOWS\WinSxS\amd64_microsoft.windows.common-controls_6595b64144ccf1df_6.0.22000.120_none_9d947278b86cc467\COMCTL32.dll
0x00007ffabf850000 - 0x00007ffabf8f3000 	C:\WINDOWS\System32\msvcrt.dll
0x00007ffabfa80000 - 0x00007ffabfab1000 	C:\WINDOWS\System32\IMM32.DLL
0x00007ffaa8990000 - 0x00007ffaa8a2d000 	C:\Program Files\Android\Android Studio\jre\bin\msvcp140.dll
0x00007ffa31d80000 - 0x00007ffa3284f000 	C:\Program Files\Android\Android Studio\jre\bin\server\jvm.dll
0x00007ffabf9d0000 - 0x00007ffabfa7c000 	C:\WINDOWS\System32\ADVAPI32.dll
0x00007ffac0f90000 - 0x00007ffac102d000 	C:\WINDOWS\System32\sechost.dll
0x00007ffac0270000 - 0x00007ffac0391000 	C:\WINDOWS\System32\RPCRT4.dll
0x00007ffabf710000 - 0x00007ffabf718000 	C:\WINDOWS\System32\PSAPI.DLL
0x00007ffab4310000 - 0x00007ffab4343000 	C:\WINDOWS\SYSTEM32\WINMM.dll
0x00007ffab19e0000 - 0x00007ffab19ea000 	C:\WINDOWS\SYSTEM32\VERSION.dll
0x00007ffa9d110000 - 0x00007ffa9d119000 	C:\WINDOWS\SYSTEM32\WSOCK32.dll
0x00007ffac0e40000 - 0x00007ffac0eaf000 	C:\WINDOWS\System32\WS2_32.dll
0x00007ffabdf70000 - 0x00007ffabdf88000 	C:\WINDOWS\SYSTEM32\kernel.appcore.dll
0x00007ffaba4f0000 - 0x00007ffaba501000 	C:\Program Files\Android\Android Studio\jre\bin\verify.dll
0x00007ffabc8c0000 - 0x00007ffabcae1000 	C:\WINDOWS\SYSTEM32\DBGHELP.DLL
0x00007ffa9b340000 - 0x00007ffa9b371000 	C:\WINDOWS\SYSTEM32\dbgcore.DLL
0x00007ffabeec0000 - 0x00007ffabef3f000 	C:\WINDOWS\System32\bcryptPrimitives.dll
0x00007ffab5670000 - 0x00007ffab5699000 	C:\Program Files\Android\Android Studio\jre\bin\java.dll
0x00007ffaba4e0000 - 0x00007ffaba4eb000 	C:\Program Files\Android\Android Studio\jre\bin\jimage.dll
0x00007ffab4390000 - 0x00007ffab43a8000 	C:\Program Files\Android\Android Studio\jre\bin\zip.dll
0x00007ffabfac0000 - 0x00007ffac026e000 	C:\WINDOWS\System32\SHELL32.dll
0x00007ffabcda0000 - 0x00007ffabd607000 	C:\WINDOWS\SYSTEM32\windows.storage.dll
0x00007ffac1030000 - 0x00007ffac13a8000 	C:\WINDOWS\System32\combase.dll
0x00007ffabcc30000 - 0x00007ffabcd96000 	C:\WINDOWS\SYSTEM32\wintypes.dll
0x00007ffac03a0000 - 0x00007ffac048a000 	C:\WINDOWS\System32\SHCORE.dll
0x00007ffac13b0000 - 0x00007ffac140d000 	C:\WINDOWS\System32\shlwapi.dll
0x00007ffabec90000 - 0x00007ffabecb1000 	C:\WINDOWS\SYSTEM32\profapi.dll
0x00007ffaabb00000 - 0x00007ffaabb1a000 	C:\Program Files\Android\Android Studio\jre\bin\net.dll
0x00007ffab3510000 - 0x00007ffab361c000 	C:\WINDOWS\SYSTEM32\WINHTTP.dll
0x00007ffabe380000 - 0x00007ffabe3e7000 	C:\WINDOWS\system32\mswsock.dll
0x00007ffaaba70000 - 0x00007ffaaba84000 	C:\Program Files\Android\Android Studio\jre\bin\nio.dll
0x00007ffaba900000 - 0x00007ffaba927000 	C:\Users\hovav\.gradle\native\8bec1ad78214c89d9ad589b4d07fe93259594b29d510b10fafb7a158f7737e5d\windows-amd64\native-platform.dll
0x00007ffaab7e0000 - 0x00007ffaab91d000 	C:\Users\hovav\.gradle\native\53dbd7edfb1c66fb8903c78663c9afc45aea4f116125fa6feffd364cf09443e8\windows-amd64\native-platform-file-events.dll
0x00007ffab4380000 - 0x00007ffab438a000 	C:\Program Files\Android\Android Studio\jre\bin\management.dll
0x00007ffaabaf0000 - 0x00007ffaabafc000 	C:\Program Files\Android\Android Studio\jre\bin\management_ext.dll
0x00007ffabe5c0000 - 0x00007ffabe5d8000 	C:\WINDOWS\SYSTEM32\CRYPTSP.dll
0x00007ffabded0000 - 0x00007ffabdf05000 	C:\WINDOWS\system32\rsaenh.dll
0x00007ffabe470000 - 0x00007ffabe499000 	C:\WINDOWS\SYSTEM32\USERENV.dll
0x00007ffabe740000 - 0x00007ffabe767000 	C:\WINDOWS\SYSTEM32\bcrypt.dll
0x00007ffabe5e0000 - 0x00007ffabe5ec000 	C:\WINDOWS\SYSTEM32\CRYPTBASE.dll
0x00007ffabdab0000 - 0x00007ffabdadd000 	C:\WINDOWS\SYSTEM32\IPHLPAPI.DLL
0x00007ffac08d0000 - 0x00007ffac08d9000 	C:\WINDOWS\System32\NSI.dll
0x00007ffab37a0000 - 0x00007ffab37b9000 	C:\WINDOWS\SYSTEM32\dhcpcsvc6.DLL
0x00007ffab3e40000 - 0x00007ffab3e5e000 	C:\WINDOWS\SYSTEM32\dhcpcsvc.DLL
0x00007ffabdae0000 - 0x00007ffabdbc7000 	C:\WINDOWS\SYSTEM32\DNSAPI.dll

dbghelp: loaded successfully - version: 4.0.5 - missing functions: none
symbol engine: initialized successfully - sym options: 0x614 - pdb path: .;C:\Program Files\Android\Android Studio\jre\bin;C:\WINDOWS\SYSTEM32;C:\WINDOWS\WinSxS\amd64_microsoft.windows.common-controls_6595b64144ccf1df_6.0.22000.120_none_9d947278b86cc467;C:\Program Files\Android\Android Studio\jre\bin\server;C:\Users\hovav\.gradle\native\8bec1ad78214c89d9ad589b4d07fe93259594b29d510b10fafb7a158f7737e5d\windows-amd64;C:\Users\hovav\.gradle\native\53dbd7edfb1c66fb8903c78663c9afc45aea4f116125fa6feffd364cf09443e8\windows-amd64

VM Arguments:
jvm_args: --add-opens=java.base/java.util=ALL-UNNAMED --add-opens=java.base/java.lang=ALL-UNNAMED --add-opens=java.base/java.lang.invoke=ALL-UNNAMED --add-opens=java.base/java.util=ALL-UNNAMED --add-opens=java.prefs/java.util.prefs=ALL-UNNAMED --add-opens=java.prefs/java.util.prefs=ALL-UNNAMED --add-opens=java.base/java.nio.charset=ALL-UNNAMED --add-opens=java.base/java.net=ALL-UNNAMED --add-opens=java.base/java.util.concurrent.atomic=ALL-UNNAMED -Xmx2048m -Dfile.encoding=UTF-8 -Duser.country=IL -Duser.language=iw -Duser.variant 
java_command: org.gradle.launcher.daemon.bootstrap.GradleDaemon 7.0.2
java_class_path (initial): C:\Users\hovav\.gradle\wrapper\dists\gradle-7.0.2-bin\857tjihv64xamwrf0h14cai3r\gradle-7.0.2\lib\gradle-launcher-7.0.2.jar
Launcher Type: SUN_STANDARD

[Global flags]
     intx CICompilerCount                          = 4                                         {product} {ergonomic}
     uint ConcGCThreads                            = 2                                         {product} {ergonomic}
     uint G1ConcRefinementThreads                  = 8                                         {product} {ergonomic}
   size_t G1HeapRegionSize                         = 1048576                                   {product} {ergonomic}
    uintx GCDrainStackTargetSize                   = 64                                        {product} {ergonomic}
   size_t InitialHeapSize                          = 132120576                                 {product} {ergonomic}
   size_t MarkStackSize                            = 4194304                                   {product} {ergonomic}
   size_t MaxHeapSize                              = 2147483648                                {product} {command line}
   size_t MaxNewSize                               = 1287651328                                {product} {ergonomic}
   size_t MinHeapDeltaBytes                        = 1048576                                   {product} {ergonomic}
    uintx NonNMethodCodeHeapSize                   = 5836300                                {pd product} {ergonomic}
    uintx NonProfiledCodeHeapSize                  = 122910970                              {pd product} {ergonomic}
    uintx ProfiledCodeHeapSize                     = 122910970                              {pd product} {ergonomic}
    uintx ReservedCodeCacheSize                    = 251658240                              {pd product} {ergonomic}
     bool SegmentedCodeCache                       = true                                      {product} {ergonomic}
     bool UseCompressedClassPointers               = true                                 {lp64_product} {ergonomic}
     bool UseCompressedOops                        = true                                 {lp64_product} {ergonomic}
     bool UseG1GC                                  = true                                      {product} {ergonomic}
     bool UseLargePagesIndividualAllocation        = false                                  {pd product} {ergonomic}

Logging:
Log output configuration:
 #0: stdout all=warning uptime,level,tags
 #1: stderr all=off uptime,level,tags

Environment Variables:
PATH=C:\Program Files\Common Files\Oracle\Java\javapath;C:\Windows\system32;C:\Windows;C:\Windows\System32\Wbem;C:\Windows\System32\WindowsPowerShell\v1.0\;C:\Windows\System32\OpenSSH\;C:\Program Files (x86)\NVIDIA Corporation\PhysX\Common;C:\Program Files\NVIDIA Corporation\NVIDIA NvDLISR;C:\WINDOWS\system32;C:\WINDOWS;C:\WINDOWS\System32\Wbem;C:\WINDOWS\System32\WindowsPowerShell\v1.0\;C:\WINDOWS\System32\OpenSSH\;C:\Program Files\dotnet\;C:\Program Files\Git\cmd;C:\Program Files\Microsoft SQL Server\Client SDK\ODBC\110\Tools\Binn\;C:\Program Files (x86)\Microsoft SQL Server\120\Tools\Binn\;C:\Program Files\Microsoft SQL Server\120\Tools\Binn\;C:\Program Files\Microsoft SQL Server\120\DTS\Binn\;C:\Program Files (x86)\Microsoft SQL Server\120\Tools\Binn\ManagementStudio\;C:\Program Files (x86)\Microsoft SQL Server\120\DTS\Binn\;C:\Program Files\PostgreSQL\13\bin;C:\Users\hovav\AppData\Local\Microsoft\WindowsApps;C:\Users\hovav\.dotnet\tools;C:\Program Files\JetBrains\PyCharm Community Edition 2020.2.3\bin;;C:\Users\hovav\AppData\Local\Programs\Microsoft VS Code\bin;C:\Users\hovav\AppData\Local\GitHubDesktop\bin;
USERNAME=hovav
OS=Windows_NT
PROCESSOR_IDENTIFIER=Intel64 Family 6 Model 142 Stepping 12, GenuineIntel



---------------  S Y S T E M  ---------------

OS: Windows 10 , 64 bit Build 22000 (10.0.22000.318)
OS uptime: 1 days 3:18 hours

CPU:total 8 (initial active 8) (4 cores per cpu, 2 threads per core) family 6 model 142 stepping 12 microcode 0xea, cmov, cx8, fxsr, mmx, sse, sse2, sse3, ssse3, sse4.1, sse4.2, popcnt, avx, avx2, aes, clmul, erms, 3dnowpref, lzcnt, ht, tsc, tscinvbit, bmi1, bmi2, adx, fma

Memory: 4k page, system-wide physical 8005M (305M free)
TotalPageFile size 32581M (AvailPageFile size 5M)
current process WorkingSet (physical memory assigned to process): 412M, peak: 415M
current process commit charge ("private bytes"): 449M, peak: 452M

vm_info: OpenJDK 64-Bit Server VM (11.0.10+0-b96-7249189) for windows-amd64 JRE (11.0.10+0-b96-7249189), built on Mar 31 2021 21:44:00 by "builder" with MS VC++ 14.0 (VS2015)

END.
