#
# There is insufficient memory for the Java Runtime Environment to continue.
# Native memory allocation (malloc) failed to allocate 1211056 bytes for Chunk::new
# Possible reasons:
#   The system is out of physical RAM or swap space
#   The process is running with CompressedOops enabled, and the Java Heap may be blocking the growth of the native heap
# Possible solutions:
#   Reduce memory load on the system
#   Increase physical memory or swap space
#   Check if swap backing store is full
#   Decrease Java heap size (-Xmx/-Xms)
#   Decrease number of Java threads
#   Decrease Java thread stack sizes (-Xss)
#   Set larger code cache with -XX:ReservedCodeCacheSize=
#   JVM is running with Unscaled Compressed Oops mode in which the Java heap is
#     placed in the first 4GB address space. The Java Heap base address is the
#     maximum limit for the native heap growth. Please use -XX:HeapBaseMinAddress
#     to set the Java Heap base and to place the Java Heap above 4GB virtual address.
# This output file may be truncated or incomplete.
#
#  Out of Memory Error (./src/hotspot/share/memory/arena.cpp:197), pid=23116, tid=17812
#
# JRE version: OpenJDK Runtime Environment (11.0.10) (build 11.0.10+0-b96-7249189)
# Java VM: OpenJDK 64-Bit Server VM (11.0.10+0-b96-7249189, mixed mode, tiered, compressed oops, g1 gc, windows-amd64)
# No core dump will be written. Minidumps are not enabled by default on client versions of Windows
#

---------------  S U M M A R Y ------------

Command Line: --add-opens=java.base/java.util=ALL-UNNAMED --add-opens=java.base/java.lang=ALL-UNNAMED --add-opens=java.base/java.lang.invoke=ALL-UNNAMED --add-opens=java.base/java.util=ALL-UNNAMED --add-opens=java.prefs/java.util.prefs=ALL-UNNAMED --add-opens=java.prefs/java.util.prefs=ALL-UNNAMED --add-opens=java.base/java.nio.charset=ALL-UNNAMED --add-opens=java.base/java.net=ALL-UNNAMED --add-opens=java.base/java.util.concurrent.atomic=ALL-UNNAMED -Xmx2048m -Dfile.encoding=UTF-8 -Duser.country=IL -Duser.language=iw -Duser.variant org.gradle.launcher.daemon.bootstrap.GradleDaemon 7.0.2

Host: Intel(R) Core(TM) i7-8565U CPU @ 1.80GHz, 8 cores, 7G,  Windows 10 , 64 bit Build 22000 (10.0.22000.318)
Time: Fri Jan  7 16:13:45 2022 שעון רגיל ירושלים elapsed time: 5634.980359 seconds (0d 1h 33m 54s)

---------------  T H R E A D  ---------------

Current thread (0x0000020e39b0a000):  JavaThread "C2 CompilerThread0" daemon [_thread_in_native, id=17812, stack(0x00000075ec700000,0x00000075ec800000)]


Current CompileTask:
C2:5634980 28766   !   4       sun.nio.fs.WindowsLinkSupport::getRealPath (500 bytes)

Stack: [0x00000075ec700000,0x00000075ec800000]
Native frames: (J=compiled Java code, j=interpreted, Vv=VM code, C=native code)
V  [jvm.dll+0x5ecfaa]
V  [jvm.dll+0x722bd5]
V  [jvm.dll+0x72412d]
V  [jvm.dll+0x7247e3]
V  [jvm.dll+0x242928]
V  [jvm.dll+0xbc4fc]
V  [jvm.dll+0xbca0c]
V  [jvm.dll+0x352d7d]
V  [jvm.dll+0x19800c]
V  [jvm.dll+0x1fb70e]
V  [jvm.dll+0x1fa7f4]
V  [jvm.dll+0x18354c]
V  [jvm.dll+0x208ee7]
V  [jvm.dll+0x207731]
V  [jvm.dll+0x6eb1cf]
V  [jvm.dll+0x6e3d45]
V  [jvm.dll+0x5ebe96]
C  [ucrtbase.dll+0x26c0c]
C  [KERNEL32.DLL+0x154e0]
C  [ntdll.dll+0x485b]


---------------  P R O C E S S  ---------------

Threads class SMR info:
_java_thread_list=0x0000020e3a57fae0, length=69, elements={
0x0000020e1f66f800, 0x0000020e39ae8800, 0x0000020e39af3000, 0x0000020e39b03800,
0x0000020e39b04800, 0x0000020e39b05000, 0x0000020e39b0a000, 0x0000020e39b10800,
0x0000020e39b1c000, 0x0000020e3a5f5000, 0x0000020e3ba03800, 0x0000020e3c7c9000,
0x0000020e3cd1c800, 0x0000020e3c6f8800, 0x0000020e3c6fa000, 0x0000020e3c8e2000,
0x0000020e3c8e3800, 0x0000020e3c8e7000, 0x0000020e3c8e1800, 0x0000020e3c8ea000,
0x0000020e3c8ec000, 0x0000020e3c8eb000, 0x0000020e3c8ee800, 0x0000020e3ccbf800,
0x0000020e3ccba800, 0x0000020e3ccbc000, 0x0000020e3ccc1000, 0x0000020e3ccc7800,
0x0000020e3ccc2000, 0x0000020e41dbb000, 0x0000020e3c6f6000, 0x0000020e3c6f9000,
0x0000020e3c6f5000, 0x0000020e3c6fb800, 0x0000020e3c6f7800, 0x0000020e3c6f6800,
0x0000020e41db5000, 0x0000020e41db9800, 0x0000020e41db8800, 0x0000020e41dbb800,
0x0000020e41dba000, 0x0000020e41db7800, 0x0000020e41db6000, 0x0000020e41dbc800,
0x0000020e41dc2000, 0x0000020e41dc1800, 0x0000020e41dc3000, 0x0000020e41dbd800,
0x0000020e41dc4000, 0x0000020e41dbe000, 0x0000020e45032800, 0x0000020e45030000,
0x0000020e4502e800, 0x0000020e45033000, 0x0000020e4502d800, 0x0000020e4502f000,
0x0000020e45034000, 0x0000020e45037800, 0x0000020e45035000, 0x0000020e4503b800,
0x0000020e45035800, 0x0000020e45036800, 0x0000020e3ccb9800, 0x0000020e3ccc2800,
0x0000020e3ccbe800, 0x0000020e3ccc0000, 0x0000020e3ccbd000, 0x0000020e3ccc3800,
0x0000020e3ccbd800
}

Java Threads: ( => current thread )
  0x0000020e1f66f800 JavaThread "main" [_thread_blocked, id=19940, stack(0x00000075ebb00000,0x00000075ebc00000)]
  0x0000020e39ae8800 JavaThread "Reference Handler" daemon [_thread_blocked, id=20296, stack(0x00000075ec200000,0x00000075ec300000)]
  0x0000020e39af3000 JavaThread "Finalizer" daemon [_thread_blocked, id=21752, stack(0x00000075ec300000,0x00000075ec400000)]
  0x0000020e39b03800 JavaThread "Signal Dispatcher" daemon [_thread_blocked, id=11236, stack(0x00000075ec400000,0x00000075ec500000)]
  0x0000020e39b04800 JavaThread "Attach Listener" daemon [_thread_blocked, id=14512, stack(0x00000075ec500000,0x00000075ec600000)]
  0x0000020e39b05000 JavaThread "Service Thread" daemon [_thread_blocked, id=20704, stack(0x00000075ec600000,0x00000075ec700000)]
=>0x0000020e39b0a000 JavaThread "C2 CompilerThread0" daemon [_thread_in_native, id=17812, stack(0x00000075ec700000,0x00000075ec800000)]
  0x0000020e39b10800 JavaThread "C1 CompilerThread0" daemon [_thread_blocked, id=1280, stack(0x00000075ec800000,0x00000075ec900000)]
  0x0000020e39b1c000 JavaThread "Sweeper thread" daemon [_thread_blocked, id=4208, stack(0x00000075ec900000,0x00000075eca00000)]
  0x0000020e3a5f5000 JavaThread "Common-Cleaner" daemon [_thread_blocked, id=12596, stack(0x00000075eca00000,0x00000075ecb00000)]
  0x0000020e3ba03800 JavaThread "Daemon health stats" [_thread_blocked, id=9220, stack(0x00000075ed000000,0x00000075ed100000)]
  0x0000020e3c7c9000 JavaThread "Incoming local TCP Connector on port 53150" [_thread_in_native, id=23068, stack(0x00000075ecc00000,0x00000075ecd00000)]
  0x0000020e3cd1c800 JavaThread "Daemon periodic checks" [_thread_blocked, id=2868, stack(0x00000075ecd00000,0x00000075ece00000)]
  0x0000020e3c6f8800 JavaThread "Cache worker for file hash cache (C:\Users\hovav\.gradle\caches\7.0.2\fileHashes)" [_thread_blocked, id=20712, stack(0x00000075ede00000,0x00000075edf00000)]
  0x0000020e3c6fa000 JavaThread "File lock request listener" [_thread_in_native, id=13292, stack(0x00000075edf00000,0x00000075ee000000)]
  0x0000020e3c8e2000 JavaThread "Cache worker for journal cache (C:\Users\hovav\.gradle\caches\journal-1)" [_thread_blocked, id=14716, stack(0x00000075ee100000,0x00000075ee200000)]
  0x0000020e3c8e3800 JavaThread "File watcher server" daemon [_thread_in_native, id=20892, stack(0x00000075ee300000,0x00000075ee400000)]
  0x0000020e3c8e7000 JavaThread "File watcher consumer" daemon [_thread_blocked, id=15076, stack(0x00000075ee400000,0x00000075ee500000)]
  0x0000020e3c8e1800 JavaThread "Cache worker for execution history cache (C:\Users\hovav\.gradle\caches\7.0.2\executionHistory)" [_thread_blocked, id=22872, stack(0x00000075ee800000,0x00000075ee900000)]
  0x0000020e3c8ea000 JavaThread "jar transforms" [_thread_blocked, id=11352, stack(0x00000075ee900000,0x00000075eea00000)]
  0x0000020e3c8ec000 JavaThread "jar transforms Thread 2" [_thread_blocked, id=12840, stack(0x00000075eea00000,0x00000075eeb00000)]
  0x0000020e3c8eb000 JavaThread "Cache worker for file content cache (C:\Users\hovav\.gradle\caches\7.0.2\fileContent)" [_thread_blocked, id=17608, stack(0x00000075eeb00000,0x00000075eec00000)]
  0x0000020e3c8ee800 JavaThread "jar transforms Thread 3" [_thread_blocked, id=18440, stack(0x00000075eed00000,0x00000075eee00000)]
  0x0000020e3ccbf800 JavaThread "jar transforms Thread 4" [_thread_blocked, id=596, stack(0x00000075ef700000,0x00000075ef800000)]
  0x0000020e3ccba800 JavaThread "jar transforms Thread 5" [_thread_blocked, id=18884, stack(0x00000075ef800000,0x00000075ef900000)]
  0x0000020e3ccbc000 JavaThread "jar transforms Thread 6" [_thread_blocked, id=23188, stack(0x00000075ef900000,0x00000075efa00000)]
  0x0000020e3ccc1000 JavaThread "jar transforms Thread 7" [_thread_blocked, id=9620, stack(0x00000075efa00000,0x00000075efb00000)]
  0x0000020e3ccc7800 JavaThread "jar transforms Thread 8" [_thread_blocked, id=10064, stack(0x00000075efb00000,0x00000075efc00000)]
  0x0000020e3ccc2000 JavaThread "Memory manager" [_thread_blocked, id=4524, stack(0x00000075efc00000,0x00000075efd00000)]
  0x0000020e41dbb000 JavaThread "Cache worker for Java compile cache (C:\Users\hovav\.gradle\caches\7.0.2\javaCompile)" [_thread_blocked, id=14292, stack(0x00000075f0600000,0x00000075f0700000)]
  0x0000020e3c6f6000 JavaThread "ForkJoinPool.commonPool-worker-15" daemon [_thread_blocked, id=22972, stack(0x00000075f1100000,0x00000075f1200000)]
  0x0000020e3c6f9000 JavaThread "Daemon Thread 9" [_thread_blocked, id=9920, stack(0x00000075eb800000,0x00000075eb900000)]
  0x0000020e3c6f5000 JavaThread "Handler for socket connection from /127.0.0.1:53150 to /127.0.0.1:54774" [_thread_in_native, id=13548, stack(0x00000075eb900000,0x00000075eba00000)]
  0x0000020e3c6fb800 JavaThread "Cancel handler" [_thread_blocked, id=17988, stack(0x00000075eba00000,0x00000075ebb00000)]
  0x0000020e3c6f7800 JavaThread "Daemon worker Thread 9" [_thread_blocked, id=2924, stack(0x00000075ed100000,0x00000075ed200000)]
  0x0000020e3c6f6800 JavaThread "Asynchronous log dispatcher for DefaultDaemonConnection: socket connection from /127.0.0.1:53150 to /127.0.0.1:54774" [_thread_blocked, id=14720, stack(0x00000075ed200000,0x00000075ed300000)]
  0x0000020e41db5000 JavaThread "Stdin handler" [_thread_blocked, id=10168, stack(0x00000075ed300000,0x00000075ed400000)]
  0x0000020e41db9800 JavaThread "Daemon client event forwarder" [_thread_blocked, id=11820, stack(0x00000075ed400000,0x00000075ed500000)]
  0x0000020e41db8800 JavaThread "Cache worker for file hash cache (C:\Users\hovav\AndroidStudioProjects\Yedidim\.gradle\7.0.2\fileHashes)" [_thread_blocked, id=7660, stack(0x00000075ed500000,0x00000075ed600000)]
  0x0000020e41dbb800 JavaThread "Cache worker for checksums cache (C:\Users\hovav\AndroidStudioProjects\Yedidim\.gradle\checksums)" [_thread_blocked, id=12608, stack(0x00000075ed600000,0x00000075ed700000)]
  0x0000020e41dba000 JavaThread "Cache worker for cache directory md-supplier (C:\Users\hovav\.gradle\caches\7.0.2\md-supplier)" [_thread_blocked, id=11364, stack(0x00000075ed700000,0x00000075ed800000)]
  0x0000020e41db7800 JavaThread "Cache worker for cache directory md-rule (C:\Users\hovav\.gradle\caches\7.0.2\md-rule)" [_thread_blocked, id=21832, stack(0x00000075ed800000,0x00000075ed900000)]
  0x0000020e41db6000 JavaThread "Cache worker for dependencies-accessors (C:\Users\hovav\AndroidStudioProjects\Yedidim\.gradle\7.0.2\dependencies-accessors)" [_thread_blocked, id=11532, stack(0x00000075ee200000,0x00000075ee300000)]
  0x0000020e41dbc800 JavaThread "Cache worker for Build Output Cleanup Cache (C:\Users\hovav\AndroidStudioProjects\Yedidim\.gradle\buildOutputCleanup)" [_thread_blocked, id=12884, stack(0x00000075ee500000,0x00000075ee600000)]
  0x0000020e41dc2000 JavaThread "Build operations" [_thread_blocked, id=17476, stack(0x00000075eec00000,0x00000075eed00000)]
  0x0000020e41dc1800 JavaThread "Build operations Thread 2" [_thread_blocked, id=2872, stack(0x00000075eee00000,0x00000075eef00000)]
  0x0000020e41dc3000 JavaThread "Build operations Thread 3" [_thread_blocked, id=2852, stack(0x00000075eef00000,0x00000075ef000000)]
  0x0000020e41dbd800 JavaThread "Build operations Thread 4" [_thread_blocked, id=13280, stack(0x00000075ef000000,0x00000075ef100000)]
  0x0000020e41dc4000 JavaThread "Build operations Thread 5" [_thread_blocked, id=20532, stack(0x00000075ef100000,0x00000075ef200000)]
  0x0000020e41dbe000 JavaThread "Build operations Thread 6" [_thread_blocked, id=5088, stack(0x00000075ef200000,0x00000075ef300000)]
  0x0000020e45032800 JavaThread "Build operations Thread 7" [_thread_blocked, id=5428, stack(0x00000075ef300000,0x00000075ef400000)]
  0x0000020e45030000 JavaThread "Build operations Thread 8" [_thread_blocked, id=16764, stack(0x00000075ef400000,0x00000075ef500000)]
  0x0000020e4502e800 JavaThread "build event listener" [_thread_blocked, id=10120, stack(0x00000075ef500000,0x00000075ef600000)]
  0x0000020e45033000 JavaThread "Execution worker for ':'" [_thread_blocked, id=21768, stack(0x00000075ef600000,0x00000075ef700000)]
  0x0000020e4502d800 JavaThread "Execution worker for ':' Thread 2" [_thread_blocked, id=2544, stack(0x00000075efd00000,0x00000075efe00000)]
  0x0000020e4502f000 JavaThread "Execution worker for ':' Thread 3" [_thread_blocked, id=21372, stack(0x00000075efe00000,0x00000075eff00000)]
  0x0000020e45034000 JavaThread "Execution worker for ':' Thread 4" [_thread_in_native, id=2768, stack(0x00000075eff00000,0x00000075f0000000)]
  0x0000020e45037800 JavaThread "Execution worker for ':' Thread 5" [_thread_blocked, id=2368, stack(0x00000075f0000000,0x00000075f0100000)]
  0x0000020e45035000 JavaThread "Execution worker for ':' Thread 6" [_thread_blocked, id=10020, stack(0x00000075f0100000,0x00000075f0200000)]
  0x0000020e4503b800 JavaThread "Execution worker for ':' Thread 7" [_thread_blocked, id=1320, stack(0x00000075f0200000,0x00000075f0300000)]
  0x0000020e45035800 JavaThread "Cache worker for execution history cache (C:\Users\hovav\AndroidStudioProjects\Yedidim\.gradle\7.0.2\executionHistory)" [_thread_blocked, id=8792, stack(0x00000075f0300000,0x00000075f0400000)]
  0x0000020e45036800 JavaThread "WorkerExecutor Queue" [_thread_blocked, id=21652, stack(0x00000075f0400000,0x00000075f0500000)]
  0x0000020e3ccb9800 JavaThread "WorkerExecutor Queue Thread 2" [_thread_blocked, id=18968, stack(0x00000075f0500000,0x00000075f0600000)]
  0x0000020e3ccc2800 JavaThread "pool-32-thread-1" [_thread_blocked, id=21288, stack(0x00000075f0700000,0x00000075f0800000)]
  0x0000020e3ccbe800 JavaThread "stderr" [_thread_in_native, id=19904, stack(0x00000075f0800000,0x00000075f0900000)]
  0x0000020e3ccc0000 JavaThread "stdout" [_thread_in_native, id=16872, stack(0x00000075f0900000,0x00000075f0a00000)]
  0x0000020e3ccbd000 JavaThread "C2 CompilerThread1" daemon [_thread_in_native, id=1160, stack(0x00000075ee600000,0x00000075ee700000)]
  0x0000020e3ccc3800 JavaThread "C2 CompilerThread2" daemon [_thread_in_native, id=15664, stack(0x00000075ee700000,0x00000075ee800000)]
  0x0000020e3ccbd800 JavaThread "Cache worker for Java compile cache (C:\Users\hovav\AndroidStudioProjects\Yedidim\.gradle\7.0.2\javaCompile)" [_thread_blocked, id=19956, stack(0x00000075f0b00000,0x00000075f0c00000)]

Other Threads:
  0x0000020e39ae6800 VMThread "VM Thread" [stack: 0x00000075ec100000,0x00000075ec200000] [id=13936]
  0x0000020e3a60a800 WatcherThread [stack: 0x00000075ecb00000,0x00000075ecc00000] [id=6400]
  0x0000020e1f68a000 GCTaskThread "GC Thread#0" [stack: 0x00000075ebc00000,0x00000075ebd00000] [id=8656]
  0x0000020e3b508800 GCTaskThread "GC Thread#1" [stack: 0x00000075ece00000,0x00000075ecf00000] [id=22732]
  0x0000020e3b509000 GCTaskThread "GC Thread#2" [stack: 0x00000075ecf00000,0x00000075ed000000] [id=7536]
  0x0000020e3c489000 GCTaskThread "GC Thread#3" [stack: 0x00000075ed900000,0x00000075eda00000] [id=23168]
  0x0000020e3c489800 GCTaskThread "GC Thread#4" [stack: 0x00000075eda00000,0x00000075edb00000] [id=8512]
  0x0000020e3bd7a000 GCTaskThread "GC Thread#5" [stack: 0x00000075edb00000,0x00000075edc00000] [id=22880]
  0x0000020e3bd7b000 GCTaskThread "GC Thread#6" [stack: 0x00000075edc00000,0x00000075edd00000] [id=22800]
  0x0000020e3bbda800 GCTaskThread "GC Thread#7" [stack: 0x00000075edd00000,0x00000075ede00000] [id=20464]
  0x0000020e1f6bc800 ConcurrentGCThread "G1 Main Marker" [stack: 0x00000075ebd00000,0x00000075ebe00000] [id=12336]
  0x0000020e1f6bd800 ConcurrentGCThread "G1 Conc#0" [stack: 0x00000075ebe00000,0x00000075ebf00000] [id=21992]
  0x0000020e3bc55800 ConcurrentGCThread "G1 Conc#1" [stack: 0x00000075ee000000,0x00000075ee100000] [id=19352]
  0x0000020e1f74e800 ConcurrentGCThread "G1 Refine#0" [stack: 0x00000075ebf00000,0x00000075ec000000] [id=5804]
  0x0000020e41a0a800 ConcurrentGCThread "G1 Refine#1" [stack: 0x00000075f0a00000,0x00000075f0b00000] [id=19028]
  0x0000020e39932800 ConcurrentGCThread "G1 Young RemSet Sampling" [stack: 0x00000075ec000000,0x00000075ec100000] [id=14764]

Threads with active compile tasks:
C2 CompilerThread05635037 28766   !   4       sun.nio.fs.WindowsLinkSupport::getRealPath (500 bytes)
C2 CompilerThread15635037 28787       4       com.sun.tools.javac.parser.JavacParser::term3 (2482 bytes)
C2 CompilerThread25635037 28783       4       com.sun.tools.javac.parser.JavacParser::term3Rest (706 bytes)

VM state:not at safepoint (normal execution)

VM Mutex/Monitor currently owned by a thread: None

Heap address: 0x0000000080000000, size: 2048 MB, Compressed Oops mode: 32-bit
Narrow klass base: 0x0000000000000000, Narrow klass shift: 3
Compressed class space size: 1073741824 Address: 0x0000000100000000

Heap:
 garbage-first heap   total 287744K, used 127037K [0x0000000080000000, 0x0000000100000000)
  region size 1024K, 12 young (12288K), 4 survivors (4096K)
 Metaspace       used 132035K, capacity 135899K, committed 138112K, reserved 1169408K
  class space    used 16159K, capacity 17623K, committed 17792K, reserved 1048576K
Heap Regions: E=young(eden), S=young(survivor), O=old, HS=humongous(starts), HC=humongous(continues), CS=collection set, F=free, A=archive, TAMS=top-at-mark-start (previous, next)
|   0|0x0000000080000000, 0x0000000080100000, 0x0000000080100000|100%| O|  |TAMS 0x0000000080100000, 0x0000000080000000| Updating 
|   1|0x0000000080100000, 0x0000000080200000, 0x0000000080200000|100%| O|  |TAMS 0x0000000080200000, 0x0000000080100000| Updating 
|   2|0x0000000080200000, 0x0000000080300000, 0x0000000080300000|100%| O|  |TAMS 0x0000000080300000, 0x0000000080200000| Updating 
|   3|0x0000000080300000, 0x0000000080400000, 0x0000000080400000|100%|HS|  |TAMS 0x0000000080400000, 0x0000000080300000| Complete 
|   4|0x0000000080400000, 0x0000000080500000, 0x0000000080500000|100%|HC|  |TAMS 0x0000000080500000, 0x0000000080400000| Complete 
|   5|0x0000000080500000, 0x0000000080600000, 0x0000000080600000|100%|HC|  |TAMS 0x0000000080600000, 0x0000000080500000| Complete 
|   6|0x0000000080600000, 0x0000000080700000, 0x0000000080700000|100%| O|  |TAMS 0x0000000080700000, 0x0000000080600000| Updating 
|   7|0x0000000080700000, 0x0000000080800000, 0x0000000080800000|100%| O|  |TAMS 0x0000000080800000, 0x0000000080700000| Updating 
|   8|0x0000000080800000, 0x0000000080900000, 0x0000000080900000|100%| O|  |TAMS 0x0000000080900000, 0x0000000080800000| Updating 
|   9|0x0000000080900000, 0x0000000080a00000, 0x0000000080a00000|100%| O|  |TAMS 0x0000000080a00000, 0x0000000080900000| Updating 
|  10|0x0000000080a00000, 0x0000000080b00000, 0x0000000080b00000|100%| O|  |TAMS 0x0000000080b00000, 0x0000000080a00000| Updating 
|  11|0x0000000080b00000, 0x0000000080c00000, 0x0000000080c00000|100%| O|  |TAMS 0x0000000080c00000, 0x0000000080b00000| Updating 
|  12|0x0000000080c00000, 0x0000000080d00000, 0x0000000080d00000|100%| O|  |TAMS 0x0000000080d00000, 0x0000000080c00000| Updating 
|  13|0x0000000080d00000, 0x0000000080e00000, 0x0000000080e00000|100%| O|  |TAMS 0x0000000080e00000, 0x0000000080d00000| Updating 
|  14|0x0000000080e00000, 0x0000000080f00000, 0x0000000080f00000|100%| O|  |TAMS 0x0000000080f00000, 0x0000000080e00000| Updating 
|  15|0x0000000080f00000, 0x0000000081000000, 0x0000000081000000|100%| O|  |TAMS 0x0000000081000000, 0x0000000080f00000| Updating 
|  16|0x0000000081000000, 0x0000000081100000, 0x0000000081100000|100%| O|  |TAMS 0x0000000081100000, 0x0000000081000000| Updating 
|  17|0x0000000081100000, 0x0000000081200000, 0x0000000081200000|100%| O|  |TAMS 0x0000000081200000, 0x0000000081100000| Updating 
|  18|0x0000000081200000, 0x0000000081300000, 0x0000000081300000|100%| O|  |TAMS 0x0000000081300000, 0x0000000081200000| Updating 
|  19|0x0000000081300000, 0x0000000081400000, 0x0000000081400000|100%| O|  |TAMS 0x0000000081400000, 0x0000000081300000| Updating 
|  20|0x0000000081400000, 0x0000000081500000, 0x0000000081500000|100%| O|  |TAMS 0x0000000081500000, 0x0000000081400000| Updating 
|  21|0x0000000081500000, 0x0000000081600000, 0x0000000081600000|100%| O|  |TAMS 0x0000000081600000, 0x0000000081500000| Updating 
|  22|0x0000000081600000, 0x0000000081700000, 0x0000000081700000|100%| O|  |TAMS 0x0000000081700000, 0x0000000081600000| Updating 
|  23|0x0000000081700000, 0x0000000081800000, 0x0000000081800000|100%| O|  |TAMS 0x0000000081800000, 0x0000000081700000| Updating 
|  24|0x0000000081800000, 0x0000000081900000, 0x0000000081900000|100%| O|  |TAMS 0x0000000081900000, 0x0000000081800000| Updating 
|  25|0x0000000081900000, 0x0000000081a00000, 0x0000000081a00000|100%| O|  |TAMS 0x0000000081a00000, 0x0000000081900000| Updating 
|  26|0x0000000081a00000, 0x0000000081b00000, 0x0000000081b00000|100%|HS|  |TAMS 0x0000000081b00000, 0x0000000081a00000| Complete 
|  27|0x0000000081b00000, 0x0000000081c00000, 0x0000000081c00000|100%|HS|  |TAMS 0x0000000081c00000, 0x0000000081b00000| Complete 
|  28|0x0000000081c00000, 0x0000000081d00000, 0x0000000081d00000|100%|HS|  |TAMS 0x0000000081d00000, 0x0000000081c00000| Complete 
|  29|0x0000000081d00000, 0x0000000081e00000, 0x0000000081e00000|100%|HC|  |TAMS 0x0000000081e00000, 0x0000000081d00000| Complete 
|  30|0x0000000081e00000, 0x0000000081f00000, 0x0000000081f00000|100%|HC|  |TAMS 0x0000000081f00000, 0x0000000081e00000| Complete 
|  31|0x0000000081f00000, 0x0000000082000000, 0x0000000082000000|100%|HS|  |TAMS 0x0000000082000000, 0x0000000081f00000| Complete 
|  32|0x0000000082000000, 0x0000000082100000, 0x0000000082100000|100%|HC|  |TAMS 0x0000000082100000, 0x0000000082000000| Complete 
|  33|0x0000000082100000, 0x0000000082200000, 0x0000000082200000|100%| O|  |TAMS 0x0000000082200000, 0x0000000082100000| Updating 
|  34|0x0000000082200000, 0x0000000082300000, 0x0000000082300000|100%| O|  |TAMS 0x0000000082300000, 0x0000000082200000| Updating 
|  35|0x0000000082300000, 0x0000000082400000, 0x0000000082400000|100%| O|  |TAMS 0x0000000082400000, 0x0000000082300000| Updating 
|  36|0x0000000082400000, 0x0000000082500000, 0x0000000082500000|100%| O|  |TAMS 0x0000000082500000, 0x0000000082400000| Updating 
|  37|0x0000000082500000, 0x0000000082600000, 0x0000000082600000|100%| O|  |TAMS 0x0000000082600000, 0x0000000082500000| Updating 
|  38|0x0000000082600000, 0x0000000082700000, 0x0000000082700000|100%| O|  |TAMS 0x0000000082700000, 0x0000000082600000| Updating 
|  39|0x0000000082700000, 0x0000000082800000, 0x0000000082800000|100%| O|  |TAMS 0x0000000082800000, 0x0000000082700000| Updating 
|  40|0x0000000082800000, 0x0000000082800000, 0x0000000082900000|  0%| F|  |TAMS 0x0000000082800000, 0x0000000082800000| Untracked 
|  41|0x0000000082900000, 0x0000000082a00000, 0x0000000082a00000|100%| O|  |TAMS 0x0000000082a00000, 0x0000000082900000| Updating 
|  42|0x0000000082a00000, 0x0000000082b00000, 0x0000000082b00000|100%| O|  |TAMS 0x0000000082b00000, 0x0000000082a00000| Updating 
|  43|0x0000000082b00000, 0x0000000082b00000, 0x0000000082c00000|  0%| F|  |TAMS 0x0000000082b00000, 0x0000000082b00000| Untracked 
|  44|0x0000000082c00000, 0x0000000082d00000, 0x0000000082d00000|100%| O|  |TAMS 0x0000000082d00000, 0x0000000082c00000| Updating 
|  45|0x0000000082d00000, 0x0000000082e00000, 0x0000000082e00000|100%| O|  |TAMS 0x0000000082e00000, 0x0000000082d00000| Updating 
|  46|0x0000000082e00000, 0x0000000082f00000, 0x0000000082f00000|100%| O|  |TAMS 0x0000000082f00000, 0x0000000082e00000| Updating 
|  47|0x0000000082f00000, 0x0000000083000000, 0x0000000083000000|100%| O|  |TAMS 0x0000000083000000, 0x0000000082f00000| Updating 
|  48|0x0000000083000000, 0x0000000083100000, 0x0000000083100000|100%| O|  |TAMS 0x0000000083100000, 0x0000000083000000| Updating 
|  49|0x0000000083100000, 0x0000000083200000, 0x0000000083200000|100%| O|  |TAMS 0x0000000083200000, 0x0000000083100000| Updating 
|  50|0x0000000083200000, 0x0000000083300000, 0x0000000083300000|100%| O|  |TAMS 0x0000000083300000, 0x0000000083200000| Updating 
|  51|0x0000000083300000, 0x0000000083400000, 0x0000000083400000|100%| O|  |TAMS 0x0000000083400000, 0x0000000083300000| Updating 
|  52|0x0000000083400000, 0x0000000083500000, 0x0000000083500000|100%| O|  |TAMS 0x0000000083500000, 0x0000000083400000| Updating 
|  53|0x0000000083500000, 0x0000000083600000, 0x0000000083600000|100%| O|  |TAMS 0x0000000083600000, 0x0000000083500000| Updating 
|  54|0x0000000083600000, 0x0000000083700000, 0x0000000083700000|100%| O|  |TAMS 0x0000000083700000, 0x0000000083600000| Updating 
|  55|0x0000000083700000, 0x0000000083800000, 0x0000000083800000|100%| O|  |TAMS 0x0000000083800000, 0x0000000083700000| Updating 
|  56|0x0000000083800000, 0x0000000083900000, 0x0000000083900000|100%| O|  |TAMS 0x0000000083900000, 0x0000000083800000| Updating 
|  57|0x0000000083900000, 0x0000000083900000, 0x0000000083a00000|  0%| F|  |TAMS 0x0000000083900000, 0x0000000083900000| Untracked 
|  58|0x0000000083a00000, 0x0000000083a00000, 0x0000000083b00000|  0%| F|  |TAMS 0x0000000083a00000, 0x0000000083a00000| Untracked 
|  59|0x0000000083b00000, 0x0000000083c00000, 0x0000000083c00000|100%| O|  |TAMS 0x0000000083c00000, 0x0000000083b00000| Updating 
|  60|0x0000000083c00000, 0x0000000083d00000, 0x0000000083d00000|100%| O|  |TAMS 0x0000000083d00000, 0x0000000083c00000| Updating 
|  61|0x0000000083d00000, 0x0000000083e00000, 0x0000000083e00000|100%| O|  |TAMS 0x0000000083e00000, 0x0000000083d00000| Updating 
|  62|0x0000000083e00000, 0x0000000083f00000, 0x0000000083f00000|100%| O|  |TAMS 0x0000000083f00000, 0x0000000083e00000| Updating 
|  63|0x0000000083f00000, 0x0000000083f00000, 0x0000000084000000|  0%| F|  |TAMS 0x0000000083f00000, 0x0000000083f00000| Untracked 
|  64|0x0000000084000000, 0x0000000084000000, 0x0000000084100000|  0%| F|  |TAMS 0x0000000084000000, 0x0000000084000000| Untracked 
|  65|0x0000000084100000, 0x0000000084200000, 0x0000000084200000|100%| O|  |TAMS 0x0000000084200000, 0x0000000084100000| Updating 
|  66|0x0000000084200000, 0x0000000084300000, 0x0000000084300000|100%| O|  |TAMS 0x0000000084300000, 0x0000000084200000| Updating 
|  67|0x0000000084300000, 0x0000000084400000, 0x0000000084400000|100%| O|  |TAMS 0x0000000084400000, 0x0000000084300000| Updating 
|  68|0x0000000084400000, 0x0000000084500000, 0x0000000084500000|100%| O|  |TAMS 0x0000000084500000, 0x0000000084400000| Updating 
|  69|0x0000000084500000, 0x0000000084600000, 0x0000000084600000|100%| O|  |TAMS 0x0000000084600000, 0x0000000084500000| Updating 
|  70|0x0000000084600000, 0x0000000084700000, 0x0000000084700000|100%| O|  |TAMS 0x0000000084700000, 0x0000000084600000| Updating 
|  71|0x0000000084700000, 0x0000000084800000, 0x0000000084800000|100%| O|  |TAMS 0x0000000084800000, 0x0000000084700000| Updating 
|  72|0x0000000084800000, 0x0000000084900000, 0x0000000084900000|100%| O|  |TAMS 0x0000000084900000, 0x0000000084800000| Updating 
|  73|0x0000000084900000, 0x0000000084a00000, 0x0000000084a00000|100%| O|  |TAMS 0x0000000084a00000, 0x0000000084900000| Updating 
|  74|0x0000000084a00000, 0x0000000084a00000, 0x0000000084b00000|  0%| F|  |TAMS 0x0000000084a00000, 0x0000000084a00000| Untracked 
|  75|0x0000000084b00000, 0x0000000084b00000, 0x0000000084c00000|  0%| F|  |TAMS 0x0000000084b00000, 0x0000000084b00000| Untracked 
|  76|0x0000000084c00000, 0x0000000084d00000, 0x0000000084d00000|100%| O|  |TAMS 0x0000000084d00000, 0x0000000084c00000| Updating 
|  77|0x0000000084d00000, 0x0000000084e00000, 0x0000000084e00000|100%| O|  |TAMS 0x0000000084e00000, 0x0000000084d00000| Updating 
|  78|0x0000000084e00000, 0x0000000084f00000, 0x0000000084f00000|100%| O|  |TAMS 0x0000000084f00000, 0x0000000084e00000| Updating 
|  79|0x0000000084f00000, 0x0000000085000000, 0x0000000085000000|100%| O|  |TAMS 0x0000000085000000, 0x0000000084f00000| Updating 
|  80|0x0000000085000000, 0x0000000085100000, 0x0000000085100000|100%| O|  |TAMS 0x0000000085100000, 0x0000000085000000| Updating 
|  81|0x0000000085100000, 0x0000000085200000, 0x0000000085200000|100%| O|  |TAMS 0x0000000085200000, 0x0000000085100000| Updating 
|  82|0x0000000085200000, 0x0000000085300000, 0x0000000085300000|100%| O|  |TAMS 0x0000000085300000, 0x0000000085200000| Updating 
|  83|0x0000000085300000, 0x0000000085400000, 0x0000000085400000|100%| O|  |TAMS 0x0000000085400000, 0x0000000085300000| Updating 
|  84|0x0000000085400000, 0x0000000085500000, 0x0000000085500000|100%| O|  |TAMS 0x0000000085500000, 0x0000000085400000| Updating 
|  85|0x0000000085500000, 0x0000000085600000, 0x0000000085600000|100%| O|  |TAMS 0x0000000085600000, 0x0000000085500000| Updating 
|  86|0x0000000085600000, 0x0000000085700000, 0x0000000085700000|100%| O|  |TAMS 0x0000000085700000, 0x0000000085600000| Updating 
|  87|0x0000000085700000, 0x0000000085800000, 0x0000000085800000|100%| O|  |TAMS 0x0000000085800000, 0x0000000085700000| Updating 
|  88|0x0000000085800000, 0x0000000085900000, 0x0000000085900000|100%| O|  |TAMS 0x0000000085900000, 0x0000000085800000| Updating 
|  89|0x0000000085900000, 0x0000000085a00000, 0x0000000085a00000|100%| O|  |TAMS 0x0000000085a00000, 0x0000000085900000| Updating 
|  90|0x0000000085a00000, 0x0000000085b00000, 0x0000000085b00000|100%| O|  |TAMS 0x0000000085b00000, 0x0000000085a00000| Updating 
|  91|0x0000000085b00000, 0x0000000085c00000, 0x0000000085c00000|100%| O|  |TAMS 0x0000000085c00000, 0x0000000085b00000| Updating 
|  92|0x0000000085c00000, 0x0000000085d00000, 0x0000000085d00000|100%| O|  |TAMS 0x0000000085d00000, 0x0000000085c00000| Updating 
|  93|0x0000000085d00000, 0x0000000085d00000, 0x0000000085e00000|  0%| F|  |TAMS 0x0000000085d00000, 0x0000000085d00000| Untracked 
|  94|0x0000000085e00000, 0x0000000085f00000, 0x0000000085f00000|100%| O|  |TAMS 0x0000000085f00000, 0x0000000085e00000| Updating 
|  95|0x0000000085f00000, 0x0000000086000000, 0x0000000086000000|100%| O|  |TAMS 0x0000000086000000, 0x0000000085f00000| Updating 
|  96|0x0000000086000000, 0x0000000086100000, 0x0000000086100000|100%| O|  |TAMS 0x0000000086100000, 0x0000000086000000| Updating 
|  97|0x0000000086100000, 0x0000000086200000, 0x0000000086200000|100%| O|  |TAMS 0x0000000086200000, 0x0000000086100000| Updating 
|  98|0x0000000086200000, 0x0000000086300000, 0x0000000086300000|100%| O|  |TAMS 0x0000000086300000, 0x0000000086200000| Updating 
|  99|0x0000000086300000, 0x00000000863de200, 0x0000000086400000| 86%| O|  |TAMS 0x00000000863de200, 0x0000000086300000| Updating 
| 100|0x0000000086400000, 0x0000000086500000, 0x0000000086500000|100%|HS|  |TAMS 0x0000000086400000, 0x0000000086400000| Complete 
| 101|0x0000000086500000, 0x0000000086600000, 0x0000000086600000|100%|HC|  |TAMS 0x0000000086500000, 0x0000000086500000| Complete 
| 102|0x0000000086600000, 0x0000000086600000, 0x0000000086700000|  0%| F|  |TAMS 0x0000000086600000, 0x0000000086600000| Untracked 
| 103|0x0000000086700000, 0x0000000086800000, 0x0000000086800000|100%| O|  |TAMS 0x0000000086800000, 0x0000000086700000| Updating 
| 104|0x0000000086800000, 0x0000000086900000, 0x0000000086900000|100%| O|  |TAMS 0x0000000086900000, 0x0000000086800000| Updating 
| 105|0x0000000086900000, 0x0000000086a00000, 0x0000000086a00000|100%| O|  |TAMS 0x0000000086a00000, 0x0000000086900000| Updating 
| 106|0x0000000086a00000, 0x0000000086b00000, 0x0000000086b00000|100%| O|  |TAMS 0x0000000086b00000, 0x0000000086a00000| Updating 
| 107|0x0000000086b00000, 0x0000000086c00000, 0x0000000086c00000|100%| O|  |TAMS 0x0000000086c00000, 0x0000000086b00000| Updating 
| 108|0x0000000086c00000, 0x0000000086d00000, 0x0000000086d00000|100%| O|  |TAMS 0x0000000086d00000, 0x0000000086c00000| Updating 
| 109|0x0000000086d00000, 0x0000000086e00000, 0x0000000086e00000|100%| O|  |TAMS 0x0000000086e00000, 0x0000000086d00000| Updating 
| 110|0x0000000086e00000, 0x0000000086f00000, 0x0000000086f00000|100%| O|  |TAMS 0x0000000086f00000, 0x0000000086e00000| Updating 
| 111|0x0000000086f00000, 0x0000000087000000, 0x0000000087000000|100%| O|  |TAMS 0x0000000087000000, 0x0000000086f00000| Updating 
| 112|0x0000000087000000, 0x0000000087000000, 0x0000000087100000|  0%| F|  |TAMS 0x0000000087000000, 0x0000000087000000| Untracked 
| 113|0x0000000087100000, 0x0000000087100000, 0x0000000087200000|  0%| F|  |TAMS 0x0000000087100000, 0x0000000087100000| Untracked 
| 114|0x0000000087200000, 0x0000000087200000, 0x0000000087300000|  0%| F|  |TAMS 0x0000000087200000, 0x0000000087200000| Untracked 
| 115|0x0000000087300000, 0x0000000087300000, 0x0000000087400000|  0%| F|  |TAMS 0x0000000087300000, 0x0000000087300000| Untracked 
| 116|0x0000000087400000, 0x0000000087400000, 0x0000000087500000|  0%| F|  |TAMS 0x0000000087400000, 0x0000000087400000| Untracked 
| 117|0x0000000087500000, 0x0000000087600000, 0x0000000087600000|100%| O|  |TAMS 0x0000000087600000, 0x0000000087500000| Updating 
| 118|0x0000000087600000, 0x0000000087700000, 0x0000000087700000|100%| O|  |TAMS 0x0000000087700000, 0x0000000087600000| Updating 
| 119|0x0000000087700000, 0x0000000087800000, 0x0000000087800000|100%| O|  |TAMS 0x0000000087800000, 0x0000000087700000| Updating 
| 120|0x0000000087800000, 0x0000000087900000, 0x0000000087900000|100%| O|  |TAMS 0x0000000087900000, 0x0000000087800000| Updating 
| 121|0x0000000087900000, 0x0000000087a00000, 0x0000000087a00000|100%| O|  |TAMS 0x0000000087a00000, 0x0000000087900000| Updating 
| 122|0x0000000087a00000, 0x0000000087b00000, 0x0000000087b00000|100%| O|  |TAMS 0x0000000087b00000, 0x0000000087a00000| Updating 
| 123|0x0000000087b00000, 0x0000000087c00000, 0x0000000087c00000|100%| O|  |TAMS 0x0000000087c00000, 0x0000000087b00000| Updating 
| 124|0x0000000087c00000, 0x0000000087c00000, 0x0000000087d00000|  0%| F|  |TAMS 0x0000000087c00000, 0x0000000087c00000| Untracked 
| 125|0x0000000087d00000, 0x0000000087d00000, 0x0000000087e00000|  0%| F|  |TAMS 0x0000000087d00000, 0x0000000087d00000| Untracked 
| 126|0x0000000087e00000, 0x0000000087e00000, 0x0000000087f00000|  0%| F|  |TAMS 0x0000000087e00000, 0x0000000087e00000| Untracked 
| 127|0x0000000087f00000, 0x0000000087f00000, 0x0000000088000000|  0%| F|  |TAMS 0x0000000087f00000, 0x0000000087f00000| Untracked 
| 128|0x0000000088000000, 0x0000000088100000, 0x0000000088100000|100%| O|  |TAMS 0x0000000088100000, 0x0000000088000000| Updating 
| 129|0x0000000088100000, 0x0000000088100000, 0x0000000088200000|  0%| F|  |TAMS 0x0000000088100000, 0x0000000088100000| Untracked 
| 130|0x0000000088200000, 0x0000000088200000, 0x0000000088300000|  0%| F|  |TAMS 0x0000000088200000, 0x0000000088200000| Untracked 
| 131|0x0000000088300000, 0x0000000088300000, 0x0000000088400000|  0%| F|  |TAMS 0x0000000088300000, 0x0000000088300000| Untracked 
| 132|0x0000000088400000, 0x0000000088400000, 0x0000000088500000|  0%| F|  |TAMS 0x0000000088400000, 0x0000000088400000| Untracked 
| 133|0x0000000088500000, 0x0000000088500000, 0x0000000088600000|  0%| F|  |TAMS 0x0000000088500000, 0x0000000088500000| Untracked 
| 134|0x0000000088600000, 0x0000000088600000, 0x0000000088700000|  0%| F|  |TAMS 0x0000000088600000, 0x0000000088600000| Untracked 
| 135|0x0000000088700000, 0x0000000088700000, 0x0000000088800000|  0%| F|  |TAMS 0x0000000088700000, 0x0000000088700000| Untracked 
| 136|0x0000000088800000, 0x0000000088800000, 0x0000000088900000|  0%| F|  |TAMS 0x0000000088800000, 0x0000000088800000| Untracked 
| 137|0x0000000088900000, 0x0000000088900000, 0x0000000088a00000|  0%| F|  |TAMS 0x0000000088900000, 0x0000000088900000| Untracked 
| 138|0x0000000088a00000, 0x0000000088a00000, 0x0000000088b00000|  0%| F|  |TAMS 0x0000000088a00000, 0x0000000088a00000| Untracked 
| 139|0x0000000088b00000, 0x0000000088b00000, 0x0000000088c00000|  0%| F|  |TAMS 0x0000000088b00000, 0x0000000088b00000| Untracked 
| 140|0x0000000088c00000, 0x0000000088c00000, 0x0000000088d00000|  0%| F|  |TAMS 0x0000000088c00000, 0x0000000088c00000| Untracked 
| 141|0x0000000088d00000, 0x0000000088d00000, 0x0000000088e00000|  0%| F|  |TAMS 0x0000000088d00000, 0x0000000088d00000| Untracked 
| 142|0x0000000088e00000, 0x0000000088f00000, 0x0000000088f00000|100%| O|  |TAMS 0x0000000088f00000, 0x0000000088e00000| Updating 
| 143|0x0000000088f00000, 0x0000000088f00000, 0x0000000089000000|  0%| F|  |TAMS 0x0000000088f00000, 0x0000000088f00000| Untracked 
| 144|0x0000000089000000, 0x0000000089000000, 0x0000000089100000|  0%| F|  |TAMS 0x0000000089000000, 0x0000000089000000| Untracked 
| 145|0x0000000089100000, 0x0000000089100000, 0x0000000089200000|  0%| F|  |TAMS 0x0000000089100000, 0x0000000089100000| Untracked 
| 146|0x0000000089200000, 0x0000000089200000, 0x0000000089300000|  0%| F|  |TAMS 0x0000000089200000, 0x0000000089200000| Untracked 
| 147|0x0000000089300000, 0x0000000089300000, 0x0000000089400000|  0%| F|  |TAMS 0x0000000089300000, 0x0000000089300000| Untracked 
| 148|0x0000000089400000, 0x0000000089500000, 0x0000000089500000|100%| O|  |TAMS 0x0000000089500000, 0x0000000089400000| Updating 
| 149|0x0000000089500000, 0x0000000089600000, 0x0000000089600000|100%| O|  |TAMS 0x0000000089600000, 0x0000000089500000| Updating 
| 150|0x0000000089600000, 0x0000000089600000, 0x0000000089700000|  0%| F|  |TAMS 0x0000000089600000, 0x0000000089600000| Untracked 
| 151|0x0000000089700000, 0x0000000089800000, 0x0000000089800000|100%| O|  |TAMS 0x0000000089800000, 0x0000000089700000| Updating 
| 152|0x0000000089800000, 0x0000000089800000, 0x0000000089900000|  0%| F|  |TAMS 0x0000000089800000, 0x0000000089800000| Untracked 
| 153|0x0000000089900000, 0x0000000089900000, 0x0000000089a00000|  0%| F|  |TAMS 0x0000000089900000, 0x0000000089900000| Untracked 
| 154|0x0000000089a00000, 0x0000000089a00000, 0x0000000089b00000|  0%| F|  |TAMS 0x0000000089a00000, 0x0000000089a00000| Untracked 
| 155|0x0000000089b00000, 0x0000000089b00000, 0x0000000089c00000|  0%| F|  |TAMS 0x0000000089b00000, 0x0000000089b00000| Untracked 
| 156|0x0000000089c00000, 0x0000000089c00000, 0x0000000089d00000|  0%| F|  |TAMS 0x0000000089c00000, 0x0000000089c00000| Untracked 
| 157|0x0000000089d00000, 0x0000000089d00000, 0x0000000089e00000|  0%| F|  |TAMS 0x0000000089d00000, 0x0000000089d00000| Untracked 
| 158|0x0000000089e00000, 0x0000000089e00000, 0x0000000089f00000|  0%| F|  |TAMS 0x0000000089e00000, 0x0000000089e00000| Untracked 
| 159|0x0000000089f00000, 0x0000000089f00000, 0x000000008a000000|  0%| F|  |TAMS 0x0000000089f00000, 0x0000000089f00000| Untracked 
| 160|0x000000008a000000, 0x000000008a000000, 0x000000008a100000|  0%| F|  |TAMS 0x000000008a000000, 0x000000008a000000| Untracked 
| 161|0x000000008a100000, 0x000000008a100000, 0x000000008a200000|  0%| F|  |TAMS 0x000000008a100000, 0x000000008a100000| Untracked 
| 162|0x000000008a200000, 0x000000008a200000, 0x000000008a300000|  0%| F|  |TAMS 0x000000008a200000, 0x000000008a200000| Untracked 
| 163|0x000000008a300000, 0x000000008a300000, 0x000000008a400000|  0%| F|  |TAMS 0x000000008a300000, 0x000000008a300000| Untracked 
| 164|0x000000008a400000, 0x000000008a400000, 0x000000008a500000|  0%| F|  |TAMS 0x000000008a400000, 0x000000008a400000| Untracked 
| 165|0x000000008a500000, 0x000000008a500000, 0x000000008a600000|  0%| F|  |TAMS 0x000000008a500000, 0x000000008a500000| Untracked 
| 166|0x000000008a600000, 0x000000008a600000, 0x000000008a700000|  0%| F|  |TAMS 0x000000008a600000, 0x000000008a600000| Untracked 
| 167|0x000000008a700000, 0x000000008a700000, 0x000000008a800000|  0%| F|  |TAMS 0x000000008a700000, 0x000000008a700000| Untracked 
| 168|0x000000008a800000, 0x000000008a800000, 0x000000008a900000|  0%| F|  |TAMS 0x000000008a800000, 0x000000008a800000| Untracked 
| 169|0x000000008a900000, 0x000000008a900000, 0x000000008aa00000|  0%| F|  |TAMS 0x000000008a900000, 0x000000008a900000| Untracked 
| 170|0x000000008aa00000, 0x000000008aa00000, 0x000000008ab00000|  0%| F|  |TAMS 0x000000008aa00000, 0x000000008aa00000| Untracked 
| 171|0x000000008ab00000, 0x000000008ab00000, 0x000000008ac00000|  0%| F|  |TAMS 0x000000008ab00000, 0x000000008ab00000| Untracked 
| 172|0x000000008ac00000, 0x000000008ac00000, 0x000000008ad00000|  0%| F|  |TAMS 0x000000008ac00000, 0x000000008ac00000| Untracked 
| 173|0x000000008ad00000, 0x000000008ad00000, 0x000000008ae00000|  0%| F|  |TAMS 0x000000008ad00000, 0x000000008ad00000| Untracked 
| 174|0x000000008ae00000, 0x000000008ae00000, 0x000000008af00000|  0%| F|  |TAMS 0x000000008ae00000, 0x000000008ae00000| Untracked 
| 175|0x000000008af00000, 0x000000008af00000, 0x000000008b000000|  0%| F|  |TAMS 0x000000008af00000, 0x000000008af00000| Untracked 
| 176|0x000000008b000000, 0x000000008b000000, 0x000000008b100000|  0%| F|  |TAMS 0x000000008b000000, 0x000000008b000000| Untracked 
| 177|0x000000008b100000, 0x000000008b100000, 0x000000008b200000|  0%| F|  |TAMS 0x000000008b100000, 0x000000008b100000| Untracked 
| 178|0x000000008b200000, 0x000000008b200000, 0x000000008b300000|  0%| F|  |TAMS 0x000000008b200000, 0x000000008b200000| Untracked 
| 179|0x000000008b300000, 0x000000008b300000, 0x000000008b400000|  0%| F|  |TAMS 0x000000008b300000, 0x000000008b300000| Untracked 
| 180|0x000000008b400000, 0x000000008b400000, 0x000000008b500000|  0%| F|  |TAMS 0x000000008b400000, 0x000000008b400000| Untracked 
| 181|0x000000008b500000, 0x000000008b500000, 0x000000008b600000|  0%| F|  |TAMS 0x000000008b500000, 0x000000008b500000| Untracked 
| 182|0x000000008b600000, 0x000000008b600000, 0x000000008b700000|  0%| F|  |TAMS 0x000000008b600000, 0x000000008b600000| Untracked 
| 183|0x000000008b700000, 0x000000008b700000, 0x000000008b800000|  0%| F|  |TAMS 0x000000008b700000, 0x000000008b700000| Untracked 
| 184|0x000000008b800000, 0x000000008b800000, 0x000000008b900000|  0%| F|  |TAMS 0x000000008b800000, 0x000000008b800000| Untracked 
| 185|0x000000008b900000, 0x000000008b900000, 0x000000008ba00000|  0%| F|  |TAMS 0x000000008b900000, 0x000000008b900000| Untracked 
| 186|0x000000008ba00000, 0x000000008ba00000, 0x000000008bb00000|  0%| F|  |TAMS 0x000000008ba00000, 0x000000008ba00000| Untracked 
| 187|0x000000008bb00000, 0x000000008bb00000, 0x000000008bc00000|  0%| F|  |TAMS 0x000000008bb00000, 0x000000008bb00000| Untracked 
| 188|0x000000008bc00000, 0x000000008bc00000, 0x000000008bd00000|  0%| F|  |TAMS 0x000000008bc00000, 0x000000008bc00000| Untracked 
| 189|0x000000008bd00000, 0x000000008bd00000, 0x000000008be00000|  0%| F|  |TAMS 0x000000008bd00000, 0x000000008bd00000| Untracked 
| 190|0x000000008be00000, 0x000000008be00000, 0x000000008bf00000|  0%| F|  |TAMS 0x000000008be00000, 0x000000008be00000| Untracked 
| 191|0x000000008bf00000, 0x000000008bf00000, 0x000000008c000000|  0%| F|  |TAMS 0x000000008bf00000, 0x000000008bf00000| Untracked 
| 192|0x000000008c000000, 0x000000008c000000, 0x000000008c100000|  0%| F|  |TAMS 0x000000008c000000, 0x000000008c000000| Untracked 
| 193|0x000000008c100000, 0x000000008c100000, 0x000000008c200000|  0%| F|  |TAMS 0x000000008c100000, 0x000000008c100000| Untracked 
| 194|0x000000008c200000, 0x000000008c200000, 0x000000008c300000|  0%| F|  |TAMS 0x000000008c200000, 0x000000008c200000| Untracked 
| 195|0x000000008c300000, 0x000000008c300000, 0x000000008c400000|  0%| F|  |TAMS 0x000000008c300000, 0x000000008c300000| Untracked 
| 196|0x000000008c400000, 0x000000008c400000, 0x000000008c500000|  0%| F|  |TAMS 0x000000008c400000, 0x000000008c400000| Untracked 
| 197|0x000000008c500000, 0x000000008c500000, 0x000000008c600000|  0%| F|  |TAMS 0x000000008c500000, 0x000000008c500000| Untracked 
| 198|0x000000008c600000, 0x000000008c600000, 0x000000008c700000|  0%| F|  |TAMS 0x000000008c600000, 0x000000008c600000| Untracked 
| 199|0x000000008c700000, 0x000000008c700000, 0x000000008c800000|  0%| F|  |TAMS 0x000000008c700000, 0x000000008c700000| Untracked 
| 200|0x000000008c800000, 0x000000008c800000, 0x000000008c900000|  0%| F|  |TAMS 0x000000008c800000, 0x000000008c800000| Untracked 
| 201|0x000000008c900000, 0x000000008c900000, 0x000000008ca00000|  0%| F|  |TAMS 0x000000008c900000, 0x000000008c900000| Untracked 
| 202|0x000000008ca00000, 0x000000008ca00000, 0x000000008cb00000|  0%| F|  |TAMS 0x000000008ca00000, 0x000000008ca00000| Untracked 
| 203|0x000000008cb00000, 0x000000008cb00000, 0x000000008cc00000|  0%| F|  |TAMS 0x000000008cb00000, 0x000000008cb00000| Untracked 
| 204|0x000000008cc00000, 0x000000008cc00000, 0x000000008cd00000|  0%| F|  |TAMS 0x000000008cc00000, 0x000000008cc00000| Untracked 
| 205|0x000000008cd00000, 0x000000008cd00000, 0x000000008ce00000|  0%| F|  |TAMS 0x000000008cd00000, 0x000000008cd00000| Untracked 
| 206|0x000000008ce00000, 0x000000008ce00000, 0x000000008cf00000|  0%| F|  |TAMS 0x000000008ce00000, 0x000000008ce00000| Untracked 
| 207|0x000000008cf00000, 0x000000008cf00000, 0x000000008d000000|  0%| F|  |TAMS 0x000000008cf00000, 0x000000008cf00000| Untracked 
| 208|0x000000008d000000, 0x000000008d000000, 0x000000008d100000|  0%| F|  |TAMS 0x000000008d000000, 0x000000008d000000| Untracked 
| 209|0x000000008d100000, 0x000000008d100000, 0x000000008d200000|  0%| F|  |TAMS 0x000000008d100000, 0x000000008d100000| Untracked 
| 210|0x000000008d200000, 0x000000008d200000, 0x000000008d300000|  0%| F|  |TAMS 0x000000008d200000, 0x000000008d200000| Untracked 
| 211|0x000000008d300000, 0x000000008d300000, 0x000000008d400000|  0%| F|  |TAMS 0x000000008d300000, 0x000000008d300000| Untracked 
| 212|0x000000008d400000, 0x000000008d400000, 0x000000008d500000|  0%| F|  |TAMS 0x000000008d400000, 0x000000008d400000| Untracked 
| 213|0x000000008d500000, 0x000000008d500000, 0x000000008d600000|  0%| F|  |TAMS 0x000000008d500000, 0x000000008d500000| Untracked 
| 214|0x000000008d600000, 0x000000008d600000, 0x000000008d700000|  0%| F|  |TAMS 0x000000008d600000, 0x000000008d600000| Untracked 
| 215|0x000000008d700000, 0x000000008d700000, 0x000000008d800000|  0%| F|  |TAMS 0x000000008d700000, 0x000000008d700000| Untracked 
| 216|0x000000008d800000, 0x000000008d800000, 0x000000008d900000|  0%| F|  |TAMS 0x000000008d800000, 0x000000008d800000| Untracked 
| 217|0x000000008d900000, 0x000000008d900000, 0x000000008da00000|  0%| F|  |TAMS 0x000000008d900000, 0x000000008d900000| Untracked 
| 218|0x000000008da00000, 0x000000008da00000, 0x000000008db00000|  0%| F|  |TAMS 0x000000008da00000, 0x000000008da00000| Untracked 
| 219|0x000000008db00000, 0x000000008db00000, 0x000000008dc00000|  0%| F|  |TAMS 0x000000008db00000, 0x000000008db00000| Untracked 
| 220|0x000000008dc00000, 0x000000008dc00000, 0x000000008dd00000|  0%| F|  |TAMS 0x000000008dc00000, 0x000000008dc00000| Untracked 
| 221|0x000000008dd00000, 0x000000008dd00000, 0x000000008de00000|  0%| F|  |TAMS 0x000000008dd00000, 0x000000008dd00000| Untracked 
| 222|0x000000008de00000, 0x000000008de00000, 0x000000008df00000|  0%| F|  |TAMS 0x000000008de00000, 0x000000008de00000| Untracked 
| 223|0x000000008df00000, 0x000000008df00000, 0x000000008e000000|  0%| F|  |TAMS 0x000000008df00000, 0x000000008df00000| Untracked 
| 224|0x000000008e000000, 0x000000008e000000, 0x000000008e100000|  0%| F|  |TAMS 0x000000008e000000, 0x000000008e000000| Untracked 
| 225|0x000000008e100000, 0x000000008e100000, 0x000000008e200000|  0%| F|  |TAMS 0x000000008e100000, 0x000000008e100000| Untracked 
| 226|0x000000008e200000, 0x000000008e200000, 0x000000008e300000|  0%| F|  |TAMS 0x000000008e200000, 0x000000008e200000| Untracked 
| 227|0x000000008e300000, 0x000000008e300000, 0x000000008e400000|  0%| F|  |TAMS 0x000000008e300000, 0x000000008e300000| Untracked 
| 228|0x000000008e400000, 0x000000008e400000, 0x000000008e500000|  0%| F|  |TAMS 0x000000008e400000, 0x000000008e400000| Untracked 
| 229|0x000000008e500000, 0x000000008e500000, 0x000000008e600000|  0%| F|  |TAMS 0x000000008e500000, 0x000000008e500000| Untracked 
| 230|0x000000008e600000, 0x000000008e600000, 0x000000008e700000|  0%| F|  |TAMS 0x000000008e600000, 0x000000008e600000| Untracked 
| 231|0x000000008e700000, 0x000000008e700000, 0x000000008e800000|  0%| F|  |TAMS 0x000000008e700000, 0x000000008e700000| Untracked 
| 232|0x000000008e800000, 0x000000008e800000, 0x000000008e900000|  0%| F|  |TAMS 0x000000008e800000, 0x000000008e800000| Untracked 
| 233|0x000000008e900000, 0x000000008e900000, 0x000000008ea00000|  0%| F|  |TAMS 0x000000008e900000, 0x000000008e900000| Untracked 
| 234|0x000000008ea00000, 0x000000008ea00000, 0x000000008eb00000|  0%| F|  |TAMS 0x000000008ea00000, 0x000000008ea00000| Untracked 
| 235|0x000000008eb00000, 0x000000008eb00000, 0x000000008ec00000|  0%| F|  |TAMS 0x000000008eb00000, 0x000000008eb00000| Untracked 
| 236|0x000000008ec00000, 0x000000008ec00000, 0x000000008ed00000|  0%| F|  |TAMS 0x000000008ec00000, 0x000000008ec00000| Untracked 
| 237|0x000000008ed00000, 0x000000008ed00000, 0x000000008ee00000|  0%| F|  |TAMS 0x000000008ed00000, 0x000000008ed00000| Untracked 
| 238|0x000000008ee00000, 0x000000008ee00000, 0x000000008ef00000|  0%| F|  |TAMS 0x000000008ee00000, 0x000000008ee00000| Untracked 
| 239|0x000000008ef00000, 0x000000008ef00000, 0x000000008f000000|  0%| F|  |TAMS 0x000000008ef00000, 0x000000008ef00000| Untracked 
| 240|0x000000008f000000, 0x000000008f000000, 0x000000008f100000|  0%| F|  |TAMS 0x000000008f000000, 0x000000008f000000| Untracked 
| 241|0x000000008f100000, 0x000000008f100000, 0x000000008f200000|  0%| F|  |TAMS 0x000000008f100000, 0x000000008f100000| Untracked 
| 242|0x000000008f200000, 0x000000008f200000, 0x000000008f300000|  0%| F|  |TAMS 0x000000008f200000, 0x000000008f200000| Untracked 
| 243|0x000000008f300000, 0x000000008f300000, 0x000000008f400000|  0%| F|  |TAMS 0x000000008f300000, 0x000000008f300000| Untracked 
| 244|0x000000008f400000, 0x000000008f400000, 0x000000008f500000|  0%| F|  |TAMS 0x000000008f400000, 0x000000008f400000| Untracked 
| 245|0x000000008f500000, 0x000000008f500000, 0x000000008f600000|  0%| F|  |TAMS 0x000000008f500000, 0x000000008f500000| Untracked 
| 246|0x000000008f600000, 0x000000008f600000, 0x000000008f700000|  0%| F|  |TAMS 0x000000008f600000, 0x000000008f600000| Untracked 
| 247|0x000000008f700000, 0x000000008f700000, 0x000000008f800000|  0%| F|  |TAMS 0x000000008f700000, 0x000000008f700000| Untracked 
| 248|0x000000008f800000, 0x000000008f800000, 0x000000008f900000|  0%| F|  |TAMS 0x000000008f800000, 0x000000008f800000| Untracked 
| 249|0x000000008f900000, 0x000000008f9314d0, 0x000000008fa00000| 19%| S|CS|TAMS 0x000000008f900000, 0x000000008f900000| Complete 
| 250|0x000000008fa00000, 0x000000008fb00000, 0x000000008fb00000|100%| S|CS|TAMS 0x000000008fa00000, 0x000000008fa00000| Complete 
| 251|0x000000008fb00000, 0x000000008fc00000, 0x000000008fc00000|100%| S|CS|TAMS 0x000000008fb00000, 0x000000008fb00000| Complete 
| 252|0x000000008fc00000, 0x000000008fd00000, 0x000000008fd00000|100%| S|CS|TAMS 0x000000008fc00000, 0x000000008fc00000| Complete 
| 253|0x000000008fd00000, 0x000000008fd00000, 0x000000008fe00000|  0%| F|  |TAMS 0x000000008fd00000, 0x000000008fd00000| Untracked 
| 254|0x000000008fe00000, 0x000000008fe00000, 0x000000008ff00000|  0%| F|  |TAMS 0x000000008fe00000, 0x000000008fe00000| Untracked 
| 255|0x000000008ff00000, 0x000000008ff00000, 0x0000000090000000|  0%| F|  |TAMS 0x000000008ff00000, 0x000000008ff00000| Untracked 
| 256|0x0000000090000000, 0x0000000090000000, 0x0000000090100000|  0%| F|  |TAMS 0x0000000090000000, 0x0000000090000000| Untracked 
| 257|0x0000000090100000, 0x0000000090100000, 0x0000000090200000|  0%| F|  |TAMS 0x0000000090100000, 0x0000000090100000| Untracked 
| 258|0x0000000090200000, 0x0000000090200000, 0x0000000090300000|  0%| F|  |TAMS 0x0000000090200000, 0x0000000090200000| Untracked 
| 259|0x0000000090300000, 0x0000000090300000, 0x0000000090400000|  0%| F|  |TAMS 0x0000000090300000, 0x0000000090300000| Untracked 
| 260|0x0000000090400000, 0x0000000090400000, 0x0000000090500000|  0%| F|  |TAMS 0x0000000090400000, 0x0000000090400000| Untracked 
| 261|0x0000000090500000, 0x0000000090500000, 0x0000000090600000|  0%| F|  |TAMS 0x0000000090500000, 0x0000000090500000| Untracked 
| 262|0x0000000090600000, 0x0000000090600000, 0x0000000090700000|  0%| F|  |TAMS 0x0000000090600000, 0x0000000090600000| Untracked 
| 263|0x0000000090700000, 0x0000000090700000, 0x0000000090800000|  0%| F|  |TAMS 0x0000000090700000, 0x0000000090700000| Untracked 
| 264|0x0000000090800000, 0x0000000090800000, 0x0000000090900000|  0%| F|  |TAMS 0x0000000090800000, 0x0000000090800000| Untracked 
| 265|0x0000000090900000, 0x0000000090900000, 0x0000000090a00000|  0%| F|  |TAMS 0x0000000090900000, 0x0000000090900000| Untracked 
| 266|0x0000000090a00000, 0x0000000090a00000, 0x0000000090b00000|  0%| F|  |TAMS 0x0000000090a00000, 0x0000000090a00000| Untracked 
| 267|0x0000000090b00000, 0x0000000090b00000, 0x0000000090c00000|  0%| F|  |TAMS 0x0000000090b00000, 0x0000000090b00000| Untracked 
| 268|0x0000000090c00000, 0x0000000090c00000, 0x0000000090d00000|  0%| F|  |TAMS 0x0000000090c00000, 0x0000000090c00000| Untracked 
| 269|0x0000000090d00000, 0x0000000090d00000, 0x0000000090e00000|  0%| F|  |TAMS 0x0000000090d00000, 0x0000000090d00000| Untracked 
| 270|0x0000000090e00000, 0x0000000090e00000, 0x0000000090f00000|  0%| F|  |TAMS 0x0000000090e00000, 0x0000000090e00000| Untracked 
| 271|0x0000000090f00000, 0x0000000090f00000, 0x0000000091000000|  0%| F|  |TAMS 0x0000000090f00000, 0x0000000090f00000| Untracked 
| 272|0x0000000091000000, 0x0000000091000000, 0x0000000091100000|  0%| F|  |TAMS 0x0000000091000000, 0x0000000091000000| Untracked 
| 273|0x0000000091100000, 0x000000009114c450, 0x0000000091200000| 29%| E|  |TAMS 0x0000000091100000, 0x0000000091100000| Complete 
| 274|0x0000000091200000, 0x0000000091300000, 0x0000000091300000|100%| E|CS|TAMS 0x0000000091200000, 0x0000000091200000| Complete 
| 275|0x0000000091300000, 0x0000000091400000, 0x0000000091400000|100%| E|CS|TAMS 0x0000000091300000, 0x0000000091300000| Complete 
| 276|0x0000000091400000, 0x0000000091500000, 0x0000000091500000|100%| E|CS|TAMS 0x0000000091400000, 0x0000000091400000| Complete 
| 277|0x0000000091500000, 0x0000000091600000, 0x0000000091600000|100%| E|CS|TAMS 0x0000000091500000, 0x0000000091500000| Complete 
| 278|0x0000000091600000, 0x0000000091700000, 0x0000000091700000|100%| E|CS|TAMS 0x0000000091600000, 0x0000000091600000| Complete 
| 279|0x0000000091700000, 0x0000000091800000, 0x0000000091800000|100%| E|CS|TAMS 0x0000000091700000, 0x0000000091700000| Complete 
| 280|0x0000000091800000, 0x0000000091900000, 0x0000000091900000|100%| E|CS|TAMS 0x0000000091800000, 0x0000000091800000| Complete 

Card table byte_map: [0x0000020e328a0000,0x0000020e32ca0000] _byte_map_base: 0x0000020e324a0000

Marking Bits (Prev, Next): (CMBitMap*) 0x0000020e1f6b3cd0, (CMBitMap*) 0x0000020e1f6b3c98
 Prev Bits: [0x0000020e350a0000, 0x0000020e370a0000)
 Next Bits: [0x0000020e330a0000, 0x0000020e350a0000)

Polling page: 0x0000020e1ee50000

Metaspace:

Usage:
  Non-class:    115.50 MB capacity,   113.16 MB ( 98%) used,     1.88 MB (  2%) free+waste,   472.06 KB ( <1%) overhead. 
      Class:     17.21 MB capacity,    15.78 MB ( 92%) used,     1.23 MB (  7%) free+waste,   201.13 KB (  1%) overhead. 
       Both:    132.71 MB capacity,   128.94 MB ( 97%) used,     3.12 MB (  2%) free+waste,   673.19 KB ( <1%) overhead. 

Virtual space:
  Non-class space:      118.00 MB reserved,     117.50 MB (>99%) committed 
      Class space:        1.00 GB reserved,      17.38 MB (  2%) committed 
             Both:        1.12 GB reserved,     134.88 MB ( 12%) committed 

Chunk freelists:
   Non-Class:  1.77 MB
       Class:  169.00 KB
        Both:  1.94 MB

MaxMetaspaceSize: 17179869184.00 GB
CompressedClassSpaceSize: 1.00 GB

CodeHeap 'non-profiled nmethods': size=120000Kb used=17521Kb max_used=17521Kb free=102478Kb
 bounds [0x0000020e2ac30000, 0x0000020e2bd60000, 0x0000020e32160000]
CodeHeap 'profiled nmethods': size=120000Kb used=56221Kb max_used=56221Kb free=63778Kb
 bounds [0x0000020e23700000, 0x0000020e26e20000, 0x0000020e2ac30000]
CodeHeap 'non-nmethods': size=5760Kb used=2361Kb max_used=2465Kb free=3398Kb
 bounds [0x0000020e23160000, 0x0000020e233d0000, 0x0000020e23700000]
 total_blobs=25986 nmethods=25003 adapters=891
 compilation: enabled
              stopped_count=0, restarted_count=0
 full_count=0

Compilation events (20 events):
Event: 5634.821 Thread 0x0000020e39b10800 28782       3       com.sun.tools.javac.tree.JCTree$JCClassDecl::<init> (44 bytes)
Event: 5634.821 Thread 0x0000020e39b10800 nmethod 28782 0x0000020e26e02390 code [0x0000020e26e02560, 0x0000020e26e02a18]
Event: 5634.824 Thread 0x0000020e3ccbd000 nmethod 28775 0x0000020e2bd4b790 code [0x0000020e2bd4b940, 0x0000020e2bd4bdf8]
Event: 5634.824 Thread 0x0000020e3ccbd000 28781 %     4       com.sun.tools.javac.util.IntHashTable::rehash @ 64 (118 bytes)
Event: 5634.826 Thread 0x0000020e39b10800 28786       3       com.sun.tools.javac.parser.JavacParser::analyzeParens (1189 bytes)
Event: 5634.831 Thread 0x0000020e39b10800 nmethod 28786 0x0000020e26e02b90 code [0x0000020e26e03360, 0x0000020e26e090d8]
Event: 5634.833 Thread 0x0000020e39b10800 28788       3       com.sun.tools.javac.parser.JavacParser::typetag (92 bytes)
Event: 5634.834 Thread 0x0000020e39b10800 nmethod 28788 0x0000020e26e0a710 code [0x0000020e26e0a8e0, 0x0000020e26e0abf8]
Event: 5634.834 Thread 0x0000020e39b10800 28789       3       com.sun.tools.javac.parser.JavacParser::basicType (41 bytes)
Event: 5634.835 Thread 0x0000020e39b10800 nmethod 28789 0x0000020e26e0ad10 code [0x0000020e26e0af60, 0x0000020e26e0b818]
Event: 5634.835 Thread 0x0000020e39b10800 28791       3       com.sun.tools.javac.parser.JavacParser::classOrInterfaceBody (134 bytes)
Event: 5634.838 Thread 0x0000020e39b10800 nmethod 28791 0x0000020e26e0bc10 code [0x0000020e26e0bee0, 0x0000020e26e0cc58]
Event: 5634.838 Thread 0x0000020e39b10800 28790       3       com.sun.tools.javac.parser.JavacParser::bracketsSuffix (271 bytes)
Event: 5634.841 Thread 0x0000020e39b10800 nmethod 28790 0x0000020e26e0d210 code [0x0000020e26e0d660, 0x0000020e26e0f618]
Event: 5634.841 Thread 0x0000020e39b10800 28792       3       java.nio.CharBuffer::flip (7 bytes)
Event: 5634.841 Thread 0x0000020e39b10800 nmethod 28792 0x0000020e26e10210 code [0x0000020e26e103c0, 0x0000020e26e10538]
Event: 5634.842 Thread 0x0000020e3ccbd000 nmethod 28781% 0x0000020e2bd4c210 code [0x0000020e2bd4c400, 0x0000020e2bd4cb38]
Event: 5634.842 Thread 0x0000020e3ccbd000 28787       4       com.sun.tools.javac.parser.JavacParser::term3 (2482 bytes)
Event: 5634.878 Thread 0x0000020e3ccc3800 nmethod 28768 0x0000020e2bd4d090 code [0x0000020e2bd4d340, 0x0000020e2bd4f6e0]
Event: 5634.878 Thread 0x0000020e3ccc3800 28783       4       com.sun.tools.javac.parser.JavacParser::term3Rest (706 bytes)

GC Heap History (20 events):
Event: 3765.242 GC heap before
{Heap before GC invocations=119 (full 0):
 garbage-first heap   total 287744K, used 156869K [0x0000000080000000, 0x0000000100000000)
  region size 1024K, 14 young (14336K), 3 survivors (3072K)
 Metaspace       used 131537K, capacity 135442K, committed 135680K, reserved 1167360K
  class space    used 16161K, capacity 17617K, committed 17664K, reserved 1048576K
}
Event: 3765.514 GC heap after
{Heap after GC invocations=120 (full 0):
 garbage-first heap   total 287744K, used 123486K [0x0000000080000000, 0x0000000100000000)
  region size 1024K, 1 young (1024K), 1 survivors (1024K)
 Metaspace       used 131537K, capacity 135442K, committed 135680K, reserved 1167360K
  class space    used 16161K, capacity 17617K, committed 17664K, reserved 1048576K
}
Event: 4219.145 GC heap before
{Heap before GC invocations=120 (full 0):
 garbage-first heap   total 287744K, used 136798K [0x0000000080000000, 0x0000000100000000)
  region size 1024K, 14 young (14336K), 1 survivors (1024K)
 Metaspace       used 131553K, capacity 135506K, committed 135680K, reserved 1167360K
  class space    used 16161K, capacity 17617K, committed 17664K, reserved 1048576K
}
Event: 4219.324 GC heap after
{Heap after GC invocations=121 (full 0):
 garbage-first heap   total 287744K, used 123891K [0x0000000080000000, 0x0000000100000000)
  region size 1024K, 2 young (2048K), 2 survivors (2048K)
 Metaspace       used 131553K, capacity 135506K, committed 135680K, reserved 1167360K
  class space    used 16161K, capacity 17617K, committed 17664K, reserved 1048576K
}
Event: 4221.853 GC heap before
{Heap before GC invocations=121 (full 0):
 garbage-first heap   total 287744K, used 189427K [0x0000000080000000, 0x0000000100000000)
  region size 1024K, 67 young (68608K), 2 survivors (2048K)
 Metaspace       used 131723K, capacity 135627K, committed 135680K, reserved 1167360K
  class space    used 16174K, capacity 17657K, committed 17664K, reserved 1048576K
}
Event: 4221.951 GC heap after
{Heap after GC invocations=122 (full 0):
 garbage-first heap   total 287744K, used 130599K [0x0000000080000000, 0x0000000100000000)
  region size 1024K, 8 young (8192K), 8 survivors (8192K)
 Metaspace       used 131723K, capacity 135627K, committed 135680K, reserved 1167360K
  class space    used 16174K, capacity 17657K, committed 17664K, reserved 1048576K
}
Event: 4223.905 GC heap before
{Heap before GC invocations=123 (full 0):
 garbage-first heap   total 287744K, used 225831K [0x0000000080000000, 0x0000000100000000)
  region size 1024K, 100 young (102400K), 8 survivors (8192K)
 Metaspace       used 133720K, capacity 137687K, committed 137856K, reserved 1169408K
  class space    used 16303K, capacity 17787K, committed 17792K, reserved 1048576K
}
Event: 4223.927 GC heap after
{Heap after GC invocations=124 (full 0):
 garbage-first heap   total 287744K, used 133431K [0x0000000080000000, 0x0000000100000000)
  region size 1024K, 4 young (4096K), 4 survivors (4096K)
 Metaspace       used 133720K, capacity 137687K, committed 137856K, reserved 1169408K
  class space    used 16303K, capacity 17787K, committed 17792K, reserved 1048576K
}
Event: 4281.609 GC heap before
{Heap before GC invocations=124 (full 0):
 garbage-first heap   total 287744K, used 159031K [0x0000000080000000, 0x0000000100000000)
  region size 1024K, 14 young (14336K), 4 survivors (4096K)
 Metaspace       used 133730K, capacity 137751K, committed 137856K, reserved 1169408K
  class space    used 16303K, capacity 17787K, committed 17792K, reserved 1048576K
}
Event: 4281.706 GC heap after
{Heap after GC invocations=125 (full 0):
 garbage-first heap   total 287744K, used 110939K [0x0000000080000000, 0x0000000100000000)
  region size 1024K, 1 young (1024K), 1 survivors (1024K)
 Metaspace       used 133730K, capacity 137751K, committed 137856K, reserved 1169408K
  class space    used 16303K, capacity 17787K, committed 17792K, reserved 1048576K
}
Event: 5001.611 GC heap before
{Heap before GC invocations=125 (full 0):
 garbage-first heap   total 287744K, used 124251K [0x0000000080000000, 0x0000000100000000)
  region size 1024K, 14 young (14336K), 1 survivors (1024K)
 Metaspace       used 133730K, capacity 137751K, committed 137856K, reserved 1169408K
  class space    used 16303K, capacity 17787K, committed 17792K, reserved 1048576K
}
Event: 5001.692 GC heap after
{Heap after GC invocations=126 (full 0):
 garbage-first heap   total 287744K, used 109990K [0x0000000080000000, 0x0000000100000000)
  region size 1024K, 1 young (1024K), 1 survivors (1024K)
 Metaspace       used 133730K, capacity 137751K, committed 137856K, reserved 1169408K
  class space    used 16303K, capacity 17787K, committed 17792K, reserved 1048576K
}
Event: 5629.570 GC heap before
{Heap before GC invocations=126 (full 0):
 garbage-first heap   total 287744K, used 169382K [0x0000000080000000, 0x0000000100000000)
  region size 1024K, 60 young (61440K), 1 survivors (1024K)
 Metaspace       used 133833K, capacity 137751K, committed 137856K, reserved 1169408K
  class space    used 16304K, capacity 17787K, committed 17792K, reserved 1048576K
}
Event: 5629.611 GC heap after
{Heap after GC invocations=127 (full 0):
 garbage-first heap   total 287744K, used 114727K [0x0000000080000000, 0x0000000100000000)
  region size 1024K, 5 young (5120K), 5 survivors (5120K)
 Metaspace       used 133833K, capacity 137751K, committed 137856K, reserved 1169408K
  class space    used 16304K, capacity 17787K, committed 17792K, reserved 1048576K
}
Event: 5633.843 GC heap before
{Heap before GC invocations=128 (full 0):
 garbage-first heap   total 287744K, used 233511K [0x0000000080000000, 0x0000000100000000)
  region size 1024K, 105 young (107520K), 5 survivors (5120K)
 Metaspace       used 131945K, capacity 135773K, committed 138112K, reserved 1169408K
  class space    used 16147K, capacity 17583K, committed 17792K, reserved 1048576K
}
Event: 5633.887 GC heap after
{Heap after GC invocations=129 (full 0):
 garbage-first heap   total 287744K, used 123023K [0x0000000080000000, 0x0000000100000000)
  region size 1024K, 13 young (13312K), 13 survivors (13312K)
 Metaspace       used 131945K, capacity 135773K, committed 138112K, reserved 1169408K
  class space    used 16147K, capacity 17583K, committed 17792K, reserved 1048576K
}
Event: 5633.893 GC heap before
{Heap before GC invocations=129 (full 0):
 garbage-first heap   total 287744K, used 124047K [0x0000000080000000, 0x0000000100000000)
  region size 1024K, 14 young (14336K), 13 survivors (13312K)
 Metaspace       used 131945K, capacity 135773K, committed 138112K, reserved 1169408K
  class space    used 16147K, capacity 17583K, committed 17792K, reserved 1048576K
}
Event: 5633.960 GC heap after
{Heap after GC invocations=130 (full 0):
 garbage-first heap   total 287744K, used 120696K [0x0000000080000000, 0x0000000100000000)
  region size 1024K, 1 young (1024K), 1 survivors (1024K)
 Metaspace       used 131945K, capacity 135773K, committed 138112K, reserved 1169408K
  class space    used 16147K, capacity 17583K, committed 17792K, reserved 1048576K
}
Event: 5634.851 GC heap before
{Heap before GC invocations=130 (full 0):
 garbage-first heap   total 287744K, used 146296K [0x0000000080000000, 0x0000000100000000)
  region size 1024K, 28 young (28672K), 1 survivors (1024K)
 Metaspace       used 132035K, capacity 135899K, committed 138112K, reserved 1169408K
  class space    used 16159K, capacity 17623K, committed 17792K, reserved 1048576K
}
Event: 5634.863 GC heap after
{Heap after GC invocations=131 (full 0):
 garbage-first heap   total 287744K, used 122941K [0x0000000080000000, 0x0000000100000000)
  region size 1024K, 4 young (4096K), 4 survivors (4096K)
 Metaspace       used 132035K, capacity 135899K, committed 138112K, reserved 1169408K
  class space    used 16159K, capacity 17623K, committed 17792K, reserved 1048576K
}

Deoptimization events (20 events):
Event: 5634.151 Thread 0x0000020e45034000 DEOPT PACKING pc=0x0000020e24c59a4e sp=0x00000075efff8ea0
Event: 5634.151 Thread 0x0000020e45034000 DEOPT UNPACKING pc=0x0000020e231876ce sp=0x00000075efff8390 mode 0
Event: 5634.151 Thread 0x0000020e45034000 DEOPT PACKING pc=0x0000020e252c37ce sp=0x00000075efff8ef0
Event: 5634.151 Thread 0x0000020e45034000 DEOPT UNPACKING pc=0x0000020e231876ce sp=0x00000075efff8490 mode 0
Event: 5634.405 Thread 0x0000020e45034000 Uncommon trap: trap_request=0xffffffc6 fr.pc=0x0000020e2bd2b4c0 relative=0x0000000000000620
Event: 5634.405 Thread 0x0000020e45034000 Uncommon trap: reason=bimorphic_or_optimized_type_check action=maybe_recompile pc=0x0000020e2bd2b4c0 method=org.gradle.api.internal.file.pattern.FixedStepPathMatcher.matches([Ljava/lang/String;I)Z @ 30 c2
Event: 5634.405 Thread 0x0000020e45034000 DEOPT PACKING pc=0x0000020e2bd2b4c0 sp=0x00000075efff8350
Event: 5634.405 Thread 0x0000020e45034000 DEOPT UNPACKING pc=0x0000020e231878af sp=0x00000075efff82f8 mode 2
Event: 5634.405 Thread 0x0000020e45034000 Uncommon trap: trap_request=0xffffffc6 fr.pc=0x0000020e2bd2b4c0 relative=0x0000000000000620
Event: 5634.405 Thread 0x0000020e45034000 Uncommon trap: reason=bimorphic_or_optimized_type_check action=maybe_recompile pc=0x0000020e2bd2b4c0 method=org.gradle.api.internal.file.pattern.FixedStepPathMatcher.matches([Ljava/lang/String;I)Z @ 30 c2
Event: 5634.405 Thread 0x0000020e45034000 DEOPT PACKING pc=0x0000020e2bd2b4c0 sp=0x00000075efff8350
Event: 5634.405 Thread 0x0000020e45034000 DEOPT UNPACKING pc=0x0000020e231878af sp=0x00000075efff82f8 mode 2
Event: 5634.405 Thread 0x0000020e45034000 Uncommon trap: trap_request=0xffffffc6 fr.pc=0x0000020e2bd2b4c0 relative=0x0000000000000620
Event: 5634.405 Thread 0x0000020e45034000 Uncommon trap: reason=bimorphic_or_optimized_type_check action=maybe_recompile pc=0x0000020e2bd2b4c0 method=org.gradle.api.internal.file.pattern.FixedStepPathMatcher.matches([Ljava/lang/String;I)Z @ 30 c2
Event: 5634.405 Thread 0x0000020e45034000 DEOPT PACKING pc=0x0000020e2bd2b4c0 sp=0x00000075efff8350
Event: 5634.405 Thread 0x0000020e45034000 DEOPT UNPACKING pc=0x0000020e231878af sp=0x00000075efff82f8 mode 2
Event: 5634.406 Thread 0x0000020e45034000 Uncommon trap: trap_request=0xffffffc6 fr.pc=0x0000020e2bd2b4c0 relative=0x0000000000000620
Event: 5634.406 Thread 0x0000020e45034000 Uncommon trap: reason=bimorphic_or_optimized_type_check action=maybe_recompile pc=0x0000020e2bd2b4c0 method=org.gradle.api.internal.file.pattern.FixedStepPathMatcher.matches([Ljava/lang/String;I)Z @ 30 c2
Event: 5634.406 Thread 0x0000020e45034000 DEOPT PACKING pc=0x0000020e2bd2b4c0 sp=0x00000075efff8350
Event: 5634.406 Thread 0x0000020e45034000 DEOPT UNPACKING pc=0x0000020e231878af sp=0x00000075efff82f8 mode 2

Classes redefined (0 events):
No events

Internal exceptions (20 events):
Event: 4223.341 Thread 0x0000020e41dc4000 Exception <a 'sun/nio/fs/WindowsException'{0x000000008ef8fc68}> (0x000000008ef8fc68) thrown at [./src/hotspot/share/prims/jni.cpp, line 615]
Event: 4223.341 Thread 0x0000020e41dc4000 Exception <a 'sun/nio/fs/WindowsException'{0x000000008ef8fdc0}> (0x000000008ef8fdc0) thrown at [./src/hotspot/share/prims/jni.cpp, line 615]
Event: 4223.350 Thread 0x0000020e41dc4000 Exception <a 'sun/nio/fs/WindowsException'{0x000000008ed3fef8}> (0x000000008ed3fef8) thrown at [./src/hotspot/share/prims/jni.cpp, line 615]
Event: 4223.470 Thread 0x0000020e45034000 Exception <a 'sun/nio/fs/WindowsException'{0x000000008d60f0c0}> (0x000000008d60f0c0) thrown at [./src/hotspot/share/prims/jni.cpp, line 615]
Event: 4223.522 Thread 0x0000020e45034000 Exception <a 'sun/nio/fs/WindowsException'{0x000000008cddc3c0}> (0x000000008cddc3c0) thrown at [./src/hotspot/share/prims/jni.cpp, line 615]
Event: 4223.644 Thread 0x0000020e4503b800 Exception <a 'sun/nio/fs/WindowsException'{0x000000008c8a9548}> (0x000000008c8a9548) thrown at [./src/hotspot/share/prims/jni.cpp, line 615]
Event: 4223.714 Thread 0x0000020e4503b800 Implicit null exception at 0x0000020e2bbb4ecf to 0x0000020e2bbb5114
Event: 4223.732 Thread 0x0000020e4503b800 Exception <a 'sun/nio/fs/WindowsException'{0x000000008bff6368}> (0x000000008bff6368) thrown at [./src/hotspot/share/prims/jni.cpp, line 615]
Event: 5628.160 Thread 0x0000020e3c6f7800 Exception <a 'sun/nio/fs/WindowsException'{0x000000008f779008}> (0x000000008f779008) thrown at [./src/hotspot/share/prims/jni.cpp, line 615]
Event: 5628.480 Thread 0x0000020e3c6f7800 Exception <a 'sun/nio/fs/WindowsException'{0x000000008f16ebc8}> (0x000000008f16ebc8) thrown at [./src/hotspot/share/prims/jni.cpp, line 615]
Event: 5628.542 Thread 0x0000020e3c6f7800 Exception <a 'sun/nio/fs/WindowsException'{0x000000008f0103f8}> (0x000000008f0103f8) thrown at [./src/hotspot/share/prims/jni.cpp, line 615]
Event: 5628.543 Thread 0x0000020e3c6f7800 Exception <a 'sun/nio/fs/WindowsException'{0x000000008f011390}> (0x000000008f011390) thrown at [./src/hotspot/share/prims/jni.cpp, line 615]
Event: 5628.543 Thread 0x0000020e3c6f7800 Exception <a 'sun/nio/fs/WindowsException'{0x000000008f012378}> (0x000000008f012378) thrown at [./src/hotspot/share/prims/jni.cpp, line 615]
Event: 5628.543 Thread 0x0000020e3c6f7800 Exception <a 'sun/nio/fs/WindowsException'{0x000000008f013360}> (0x000000008f013360) thrown at [./src/hotspot/share/prims/jni.cpp, line 615]
Event: 5630.902 Thread 0x0000020e45034000 Exception <a 'java/lang/NoSuchMethodError'{0x000000008e36e258}: <clinit>> (0x000000008e36e258) thrown at [./src/hotspot/share/prims/jni.cpp, line 1362]
Event: 5633.638 Thread 0x0000020e45036800 Exception <a 'sun/nio/fs/WindowsException'{0x000000008bb72098}> (0x000000008bb72098) thrown at [./src/hotspot/share/prims/jni.cpp, line 615]
Event: 5633.638 Thread 0x0000020e45036800 Exception <a 'sun/nio/fs/WindowsException'{0x000000008bb72180}> (0x000000008bb72180) thrown at [./src/hotspot/share/prims/jni.cpp, line 615]
Event: 5634.753 Thread 0x0000020e45034000 Exception <a 'sun/nio/fs/WindowsException'{0x0000000090169468}> (0x0000000090169468) thrown at [./src/hotspot/share/prims/jni.cpp, line 615]
Event: 5634.846 Thread 0x0000020e45034000 Exception <a 'sun/nio/fs/WindowsException'{0x000000008fd89860}> (0x000000008fd89860) thrown at [./src/hotspot/share/prims/jni.cpp, line 615]
Event: 5634.846 Thread 0x0000020e45034000 Exception <a 'sun/nio/fs/WindowsException'{0x000000008fd89968}> (0x000000008fd89968) thrown at [./src/hotspot/share/prims/jni.cpp, line 615]

Events (20 events):
Event: 5634.784 loading class kotlin/NoWhenBranchMatchedException
Event: 5634.784 loading class kotlin/NoWhenBranchMatchedException done
Event: 5634.784 loading class kotlin/jvm/internal/Intrinsics
Event: 5634.784 loading class kotlin/jvm/internal/Intrinsics done
Event: 5634.786 loading class kotlin/UninitializedPropertyAccessException
Event: 5634.786 loading class kotlin/UninitializedPropertyAccessException done
Event: 5634.788 loading class kotlin/KotlinNullPointerException
Event: 5634.788 loading class kotlin/KotlinNullPointerException done
Event: 5634.789 loading class kotlin/SynchronizedLazyImpl
Event: 5634.789 loading class kotlin/SynchronizedLazyImpl done
Event: 5634.789 loading class kotlin/Lazy
Event: 5634.789 loading class kotlin/Lazy done
Event: 5634.790 loading class kotlin/UNINITIALIZED_VALUE
Event: 5634.790 loading class kotlin/UNINITIALIZED_VALUE done
Event: 5634.790 loading class androidx/room/compiler/processing/javac/JavacBasicAnnotationProcessor$steps$2
Event: 5634.790 loading class androidx/room/compiler/processing/javac/JavacBasicAnnotationProcessor$steps$2 done
Event: 5634.790 loading class androidx/room/compiler/processing/javac/JavacBasicAnnotationProcessor$commonDelegate$2
Event: 5634.790 loading class androidx/room/compiler/processing/javac/JavacBasicAnnotationProcessor$commonDelegate$2 done
Event: 5634.851 Executing VM operation: G1CollectForAllocation
Event: 5634.863 Executing VM operation: G1CollectForAllocation done


Dynamic libraries:
0x00007ff66afd0000 - 0x00007ff66afda000 	C:\Program Files\Android\Android Studio\jre\bin\java.exe
0x00007ffac1880000 - 0x00007ffac1a87000 	C:\WINDOWS\SYSTEM32\ntdll.dll
0x00007ffac0eb0000 - 0x00007ffac0f6d000 	C:\WINDOWS\System32\KERNEL32.DLL
0x00007ffabf270000 - 0x00007ffabf5e4000 	C:\WINDOWS\System32\KERNELBASE.dll
0x00007ffabf5f0000 - 0x00007ffabf701000 	C:\WINDOWS\System32\ucrtbase.dll
0x00007ffaab730000 - 0x00007ffaab749000 	C:\Program Files\Android\Android Studio\jre\bin\jli.dll
0x00007ffaab010000 - 0x00007ffaab027000 	C:\Program Files\Android\Android Studio\jre\bin\VCRUNTIME140.dll
0x00007ffac1690000 - 0x00007ffac183c000 	C:\WINDOWS\System32\USER32.dll
0x00007ffabf240000 - 0x00007ffabf266000 	C:\WINDOWS\System32\win32u.dll
0x00007ffa8e280000 - 0x00007ffa8e525000 	C:\WINDOWS\WinSxS\amd64_microsoft.windows.common-controls_6595b64144ccf1df_6.0.22000.120_none_9d947278b86cc467\COMCTL32.dll
0x00007ffac06e0000 - 0x00007ffac0709000 	C:\WINDOWS\System32\GDI32.dll
0x00007ffabf850000 - 0x00007ffabf8f3000 	C:\WINDOWS\System32\msvcrt.dll
0x00007ffabef40000 - 0x00007ffabf052000 	C:\WINDOWS\System32\gdi32full.dll
0x00007ffabee20000 - 0x00007ffabeebd000 	C:\WINDOWS\System32\msvcp_win.dll
0x00007ffabfa80000 - 0x00007ffabfab1000 	C:\WINDOWS\System32\IMM32.DLL
0x00007ffaa8990000 - 0x00007ffaa8a2d000 	C:\Program Files\Android\Android Studio\jre\bin\msvcp140.dll
0x00007ffa31d80000 - 0x00007ffa3284f000 	C:\Program Files\Android\Android Studio\jre\bin\server\jvm.dll
0x00007ffabf9d0000 - 0x00007ffabfa7c000 	C:\WINDOWS\System32\ADVAPI32.dll
0x00007ffac0f90000 - 0x00007ffac102d000 	C:\WINDOWS\System32\sechost.dll
0x00007ffac0270000 - 0x00007ffac0391000 	C:\WINDOWS\System32\RPCRT4.dll
0x00007ffabf710000 - 0x00007ffabf718000 	C:\WINDOWS\System32\PSAPI.DLL
0x00007ffa9d110000 - 0x00007ffa9d119000 	C:\WINDOWS\SYSTEM32\WSOCK32.dll
0x00007ffab4310000 - 0x00007ffab4343000 	C:\WINDOWS\SYSTEM32\WINMM.dll
0x00007ffab19e0000 - 0x00007ffab19ea000 	C:\WINDOWS\SYSTEM32\VERSION.dll
0x00007ffac0e40000 - 0x00007ffac0eaf000 	C:\WINDOWS\System32\WS2_32.dll
0x00007ffabdf70000 - 0x00007ffabdf88000 	C:\WINDOWS\SYSTEM32\kernel.appcore.dll
0x00007ffaba4f0000 - 0x00007ffaba501000 	C:\Program Files\Android\Android Studio\jre\bin\verify.dll
0x00007ffabc8c0000 - 0x00007ffabcae1000 	C:\WINDOWS\SYSTEM32\DBGHELP.DLL
0x00007ffa9b340000 - 0x00007ffa9b371000 	C:\WINDOWS\SYSTEM32\dbgcore.DLL
0x00007ffabeec0000 - 0x00007ffabef3f000 	C:\WINDOWS\System32\bcryptPrimitives.dll
0x00007ffab5670000 - 0x00007ffab5699000 	C:\Program Files\Android\Android Studio\jre\bin\java.dll
0x00007ffaba4e0000 - 0x00007ffaba4eb000 	C:\Program Files\Android\Android Studio\jre\bin\jimage.dll
0x00007ffab4390000 - 0x00007ffab43a8000 	C:\Program Files\Android\Android Studio\jre\bin\zip.dll
0x00007ffabfac0000 - 0x00007ffac026e000 	C:\WINDOWS\System32\SHELL32.dll
0x00007ffabcda0000 - 0x00007ffabd607000 	C:\WINDOWS\SYSTEM32\windows.storage.dll
0x00007ffac1030000 - 0x00007ffac13a8000 	C:\WINDOWS\System32\combase.dll
0x00007ffabcc30000 - 0x00007ffabcd96000 	C:\WINDOWS\SYSTEM32\wintypes.dll
0x00007ffac03a0000 - 0x00007ffac048a000 	C:\WINDOWS\System32\SHCORE.dll
0x00007ffac13b0000 - 0x00007ffac140d000 	C:\WINDOWS\System32\shlwapi.dll
0x00007ffabec90000 - 0x00007ffabecb1000 	C:\WINDOWS\SYSTEM32\profapi.dll
0x00007ffaabb00000 - 0x00007ffaabb1a000 	C:\Program Files\Android\Android Studio\jre\bin\net.dll
0x00007ffab3510000 - 0x00007ffab361c000 	C:\WINDOWS\SYSTEM32\WINHTTP.dll
0x00007ffabe380000 - 0x00007ffabe3e7000 	C:\WINDOWS\system32\mswsock.dll
0x00007ffaaba70000 - 0x00007ffaaba84000 	C:\Program Files\Android\Android Studio\jre\bin\nio.dll
0x00007ffaba900000 - 0x00007ffaba927000 	C:\Users\hovav\.gradle\native\8bec1ad78214c89d9ad589b4d07fe93259594b29d510b10fafb7a158f7737e5d\windows-amd64\native-platform.dll
0x00007ffaab7e0000 - 0x00007ffaab91d000 	C:\Users\hovav\.gradle\native\53dbd7edfb1c66fb8903c78663c9afc45aea4f116125fa6feffd364cf09443e8\windows-amd64\native-platform-file-events.dll
0x00007ffab4380000 - 0x00007ffab438a000 	C:\Program Files\Android\Android Studio\jre\bin\management.dll
0x00007ffaabaf0000 - 0x00007ffaabafc000 	C:\Program Files\Android\Android Studio\jre\bin\management_ext.dll
0x00007ffabe5c0000 - 0x00007ffabe5d8000 	C:\WINDOWS\SYSTEM32\CRYPTSP.dll
0x00007ffabded0000 - 0x00007ffabdf05000 	C:\WINDOWS\system32\rsaenh.dll
0x00007ffabe470000 - 0x00007ffabe499000 	C:\WINDOWS\SYSTEM32\USERENV.dll
0x00007ffabe740000 - 0x00007ffabe767000 	C:\WINDOWS\SYSTEM32\bcrypt.dll
0x00007ffabe5e0000 - 0x00007ffabe5ec000 	C:\WINDOWS\SYSTEM32\CRYPTBASE.dll
0x00007ffabdab0000 - 0x00007ffabdadd000 	C:\WINDOWS\SYSTEM32\IPHLPAPI.DLL
0x00007ffac08d0000 - 0x00007ffac08d9000 	C:\WINDOWS\System32\NSI.dll
0x00007ffab37a0000 - 0x00007ffab37b9000 	C:\WINDOWS\SYSTEM32\dhcpcsvc6.DLL
0x00007ffab3e40000 - 0x00007ffab3e5e000 	C:\WINDOWS\SYSTEM32\dhcpcsvc.DLL
0x00007ffabdae0000 - 0x00007ffabdbc7000 	C:\WINDOWS\SYSTEM32\DNSAPI.dll
0x00007ffaab220000 - 0x00007ffaab247000 	C:\Program Files\Android\Android Studio\jre\bin\sunec.dll
0x0000000070bc0000 - 0x0000000070c9c000 	C:\Users\hovav\AppData\Local\Temp\sqlite-3.36.0-90a4d751-aa8f-4073-a9ef-34e851bc05a1-sqlitejdbc.dll

dbghelp: loaded successfully - version: 4.0.5 - missing functions: none
symbol engine: initialized successfully - sym options: 0x614 - pdb path: .;C:\Program Files\Android\Android Studio\jre\bin;C:\WINDOWS\SYSTEM32;C:\WINDOWS\WinSxS\amd64_microsoft.windows.common-controls_6595b64144ccf1df_6.0.22000.120_none_9d947278b86cc467;C:\Program Files\Android\Android Studio\jre\bin\server;C:\Users\hovav\.gradle\native\8bec1ad78214c89d9ad589b4d07fe93259594b29d510b10fafb7a158f7737e5d\windows-amd64;C:\Users\hovav\.gradle\native\53dbd7edfb1c66fb8903c78663c9afc45aea4f116125fa6feffd364cf09443e8\windows-amd64;C:\Users\hovav\AppData\Local\Temp

VM Arguments:
jvm_args: --add-opens=java.base/java.util=ALL-UNNAMED --add-opens=java.base/java.lang=ALL-UNNAMED --add-opens=java.base/java.lang.invoke=ALL-UNNAMED --add-opens=java.base/java.util=ALL-UNNAMED --add-opens=java.prefs/java.util.prefs=ALL-UNNAMED --add-opens=java.prefs/java.util.prefs=ALL-UNNAMED --add-opens=java.base/java.nio.charset=ALL-UNNAMED --add-opens=java.base/java.net=ALL-UNNAMED --add-opens=java.base/java.util.concurrent.atomic=ALL-UNNAMED -Xmx2048m -Dfile.encoding=UTF-8 -Duser.country=IL -Duser.language=iw -Duser.variant 
java_command: org.gradle.launcher.daemon.bootstrap.GradleDaemon 7.0.2
java_class_path (initial): C:\Users\hovav\.gradle\wrapper\dists\gradle-7.0.2-bin\857tjihv64xamwrf0h14cai3r\gradle-7.0.2\lib\gradle-launcher-7.0.2.jar
Launcher Type: SUN_STANDARD

[Global flags]
     intx CICompilerCount                          = 4                                         {product} {ergonomic}
     uint ConcGCThreads                            = 2                                         {product} {ergonomic}
     uint G1ConcRefinementThreads                  = 8                                         {product} {ergonomic}
   size_t G1HeapRegionSize                         = 1048576                                   {product} {ergonomic}
    uintx GCDrainStackTargetSize                   = 64                                        {product} {ergonomic}
   size_t InitialHeapSize                          = 132120576                                 {product} {ergonomic}
   size_t MarkStackSize                            = 4194304                                   {product} {ergonomic}
   size_t MaxHeapSize                              = 2147483648                                {product} {command line}
   size_t MaxNewSize                               = 1287651328                                {product} {ergonomic}
   size_t MinHeapDeltaBytes                        = 1048576                                   {product} {ergonomic}
    uintx NonNMethodCodeHeapSize                   = 5836300                                {pd product} {ergonomic}
    uintx NonProfiledCodeHeapSize                  = 122910970                              {pd product} {ergonomic}
    uintx ProfiledCodeHeapSize                     = 122910970                              {pd product} {ergonomic}
    uintx ReservedCodeCacheSize                    = 251658240                              {pd product} {ergonomic}
     bool SegmentedCodeCache                       = true                                      {product} {ergonomic}
     bool UseCompressedClassPointers               = true                                 {lp64_product} {ergonomic}
     bool UseCompressedOops                        = true                                 {lp64_product} {ergonomic}
     bool UseG1GC                                  = true                                      {product} {ergonomic}
     bool UseLargePagesIndividualAllocation        = false                                  {pd product} {ergonomic}

Logging:
Log output configuration:
 #0: stdout all=warning uptime,level,tags
 #1: stderr all=off uptime,level,tags

Environment Variables:
PATH=C:\Program Files\Common Files\Oracle\Java\javapath;C:\Windows\system32;C:\Windows;C:\Windows\System32\Wbem;C:\Windows\System32\WindowsPowerShell\v1.0\;C:\Windows\System32\OpenSSH\;C:\Program Files (x86)\NVIDIA Corporation\PhysX\Common;C:\Program Files\NVIDIA Corporation\NVIDIA NvDLISR;C:\WINDOWS\system32;C:\WINDOWS;C:\WINDOWS\System32\Wbem;C:\WINDOWS\System32\WindowsPowerShell\v1.0\;C:\WINDOWS\System32\OpenSSH\;C:\Program Files\dotnet\;C:\Program Files\Git\cmd;C:\Program Files\Microsoft SQL Server\Client SDK\ODBC\110\Tools\Binn\;C:\Program Files (x86)\Microsoft SQL Server\120\Tools\Binn\;C:\Program Files\Microsoft SQL Server\120\Tools\Binn\;C:\Program Files\Microsoft SQL Server\120\DTS\Binn\;C:\Program Files (x86)\Microsoft SQL Server\120\Tools\Binn\ManagementStudio\;C:\Program Files (x86)\Microsoft SQL Server\120\DTS\Binn\;C:\Program Files\PostgreSQL\13\bin;C:\Users\hovav\AppData\Local\Microsoft\WindowsApps;C:\Users\hovav\.dotnet\tools;C:\Program Files\JetBrains\PyCharm Community Edition 2020.2.3\bin;;C:\Users\hovav\AppData\Local\Programs\Microsoft VS Code\bin;C:\Users\hovav\AppData\Local\GitHubDesktop\bin;
USERNAME=hovav
OS=Windows_NT
PROCESSOR_IDENTIFIER=Intel64 Family 6 Model 142 Stepping 12, GenuineIntel



---------------  S Y S T E M  ---------------

OS: Windows 10 , 64 bit Build 22000 (10.0.22000.318)
OS uptime: 1 days 3:18 hours

CPU:total 8 (initial active 8) (4 cores per cpu, 2 threads per core) family 6 model 142 stepping 12 microcode 0xea, cmov, cx8, fxsr, mmx, sse, sse2, sse3, ssse3, sse4.1, sse4.2, popcnt, avx, avx2, aes, clmul, erms, 3dnowpref, lzcnt, ht, tsc, tscinvbit, bmi1, bmi2, adx, fma

Memory: 4k page, system-wide physical 8005M (656M free)
TotalPageFile size 32581M (AvailPageFile size 4M)
current process WorkingSet (physical memory assigned to process): 553M, peak: 556M
current process commit charge ("private bytes"): 716M, peak: 722M

vm_info: OpenJDK 64-Bit Server VM (11.0.10+0-b96-7249189) for windows-amd64 JRE (11.0.10+0-b96-7249189), built on Mar 31 2021 21:44:00 by "builder" with MS VC++ 14.0 (VS2015)

END.
